<?xml version="1.0" encoding="UTF-8"?>
<coverage generated="1780906702524" clover="3.2.0">
  <project timestamp="1780906702524" name="All files">
    <metrics statements="621" coveredstatements="451" conditionals="272" coveredconditionals="169" methods="64" coveredmethods="40" elements="957" coveredelements="660" complexity="0" loc="621" ncloc="621" packages="3" files="4" classes="4"/>
    <package name="middleware">
      <metrics statements="115" coveredstatements="48" conditionals="34" coveredconditionals="5" methods="26" coveredmethods="9"/>
      <file name="auth.ts" path="F:\Lcj\0602\label-651\backend\src\middleware\auth.ts">
        <metrics statements="75" coveredstatements="33" conditionals="15" coveredconditionals="3" methods="23" coveredmethods="7"/>
        <line num="12" count="1" type="stmt"/>
        <line num="13" count="105" type="stmt"/>
        <line num="20" count="105" type="stmt"/>
        <line num="23" count="1" type="stmt"/>
        <line num="24" count="105" type="stmt"/>
        <line num="33" count="658" type="stmt"/>
        <line num="36" count="1" type="stmt"/>
        <line num="37" count="0" type="stmt"/>
        <line num="38" count="0" type="stmt"/>
        <line num="45" count="0" type="stmt"/>
        <line num="48" count="1" type="stmt"/>
        <line num="49" count="0" type="stmt"/>
        <line num="50" count="0" type="stmt"/>
        <line num="59" count="0" type="stmt"/>
        <line num="62" count="1" type="stmt"/>
        <line num="63" count="118" type="stmt"/>
        <line num="65" count="118" type="cond" truecount="1" falsecount="0"/>
        <line num="66" count="12" type="stmt"/>
        <line num="69" count="106" type="stmt"/>
        <line num="70" count="106" type="cond" truecount="1" falsecount="0"/>
        <line num="71" count="1" type="stmt"/>
        <line num="74" count="105" type="stmt"/>
        <line num="75" count="105" type="stmt"/>
        <line num="76" count="105" type="cond" truecount="0" falsecount="1"/>
        <line num="77" count="0" type="stmt"/>
        <line num="80" count="105" type="stmt"/>
        <line num="81" count="105" type="stmt"/>
        <line num="82" count="105" type="stmt"/>
        <line num="84" count="105" type="stmt"/>
        <line num="87" count="1" type="stmt"/>
        <line num="88" count="0" type="stmt"/>
        <line num="89" count="0" type="cond" truecount="0" falsecount="1"/>
        <line num="90" count="0" type="stmt"/>
        <line num="93" count="0" type="cond" truecount="0" falsecount="1"/>
        <line num="94" count="0" type="stmt"/>
        <line num="97" count="0" type="stmt"/>
        <line num="101" count="1" type="stmt"/>
        <line num="102" count="13" type="stmt"/>
        <line num="103" count="94" type="cond" truecount="0" falsecount="1"/>
        <line num="104" count="0" type="stmt"/>
        <line num="107" count="94" type="cond" truecount="1" falsecount="0"/>
        <line num="108" count="9" type="stmt"/>
        <line num="111" count="85" type="stmt"/>
        <line num="115" count="1" type="stmt"/>
        <line num="116" count="0" type="stmt"/>
        <line num="117" count="0" type="cond" truecount="0" falsecount="1"/>
        <line num="118" count="0" type="stmt"/>
        <line num="121" count="0" type="stmt"/>
        <line num="122" count="0" type="cond" truecount="0" falsecount="1"/>
        <line num="123" count="0" type="stmt"/>
        <line num="126" count="0" type="stmt"/>
        <line num="130" count="1" type="stmt"/>
        <line num="131" count="0" type="stmt"/>
        <line num="132" count="0" type="cond" truecount="0" falsecount="1"/>
        <line num="133" count="0" type="stmt"/>
        <line num="136" count="0" type="stmt"/>
        <line num="137" count="0" type="cond" truecount="0" falsecount="1"/>
        <line num="138" count="0" type="stmt"/>
        <line num="141" count="0" type="stmt"/>
        <line num="145" count="1" type="stmt"/>
        <line num="146" count="0" type="stmt"/>
        <line num="147" count="0" type="cond" truecount="0" falsecount="1"/>
        <line num="148" count="0" type="stmt"/>
        <line num="151" count="0" type="stmt"/>
        <line num="152" count="0" type="cond" truecount="0" falsecount="1"/>
        <line num="153" count="0" type="stmt"/>
        <line num="156" count="0" type="stmt"/>
        <line num="160" count="1" type="stmt"/>
        <line num="161" count="0" type="stmt"/>
        <line num="162" count="0" type="cond" truecount="0" falsecount="1"/>
        <line num="163" count="0" type="stmt"/>
        <line num="166" count="0" type="stmt"/>
        <line num="167" count="0" type="cond" truecount="0" falsecount="1"/>
        <line num="168" count="0" type="stmt"/>
        <line num="171" count="0" type="stmt"/>
      </file>
      <file name="errorHandler.ts" path="F:\Lcj\0602\label-651\backend\src\middleware\errorHandler.ts">
        <metrics statements="40" coveredstatements="15" conditionals="19" coveredconditionals="2" methods="3" coveredmethods="2"/>
        <line num="10" count="61" type="stmt"/>
        <line num="11" count="61" type="stmt"/>
        <line num="12" count="61" type="stmt"/>
        <line num="13" count="61" type="stmt"/>
        <line num="17" count="1" type="stmt"/>
        <line num="23" count="62" type="stmt"/>
        <line num="25" count="62" type="cond" truecount="1" falsecount="0"/>
        <line num="26" count="61" type="stmt"/>
        <line num="30" count="61" type="stmt"/>
        <line num="33" count="1" type="cond" truecount="0" falsecount="1"/>
        <line num="34" count="0" type="stmt"/>
        <line num="35" count="0" type="stmt"/>
        <line num="36" count="0" type="cond" truecount="0" falsecount="2"/>
        <line num="37" count="0" type="stmt"/>
        <line num="38" count="0" type="cond" truecount="0" falsecount="2"/>
        <line num="39" count="0" type="stmt"/>
        <line num="40" count="0" type="cond" truecount="0" falsecount="2"/>
        <line num="41" count="0" type="stmt"/>
        <line num="42" count="0" type="cond" truecount="0" falsecount="2"/>
        <line num="43" count="0" type="stmt"/>
        <line num="44" count="0" type="cond" truecount="0" falsecount="2"/>
        <line num="45" count="0" type="stmt"/>
        <line num="46" count="0" type="cond" truecount="0" falsecount="2"/>
        <line num="47" count="0" type="stmt"/>
        <line num="48" count="0" type="cond" truecount="0" falsecount="2"/>
        <line num="49" count="0" type="stmt"/>
        <line num="50" count="0" type="cond" truecount="0" falsecount="1"/>
        <line num="51" count="0" type="stmt"/>
        <line num="53" count="0" type="stmt"/>
        <line num="57" count="0" type="stmt"/>
        <line num="60" count="1" type="cond" truecount="0" falsecount="1"/>
        <line num="61" count="0" type="stmt"/>
        <line num="65" count="0" type="stmt"/>
        <line num="68" count="1" type="cond" truecount="1" falsecount="0"/>
        <line num="69" count="1" type="stmt"/>
        <line num="73" count="1" type="stmt"/>
        <line num="76" count="0" type="stmt"/>
        <line num="80" count="0" type="stmt"/>
        <line num="83" count="1" type="stmt"/>
        <line num="84" count="0" type="stmt"/>
      </file>
    </package>
    <package name="routes">
      <metrics statements="478" coveredstatements="387" conditionals="224" coveredconditionals="162" methods="34" coveredmethods="28"/>
      <file name="users.ts" path="F:\Lcj\0602\label-651\backend\src\routes\users.ts">
        <metrics statements="478" coveredstatements="387" conditionals="224" coveredconditionals="162" methods="34" coveredmethods="28"/>
        <line num="13" count="1" type="stmt"/>
        <line num="15" count="1" type="stmt"/>
        <line num="16" count="15" type="stmt"/>
        <line num="17" count="15" type="stmt"/>
        <line num="20" count="1" type="stmt"/>
        <line num="21" count="8" type="stmt"/>
        <line num="22" count="8" type="stmt"/>
        <line num="25" count="1" type="stmt"/>
        <line num="26" count="165" type="stmt"/>
        <line num="36" count="1" type="stmt"/>
        <line num="37" count="1" type="stmt"/>
        <line num="39" count="1" type="stmt"/>
        <line num="40" count="18" type="stmt"/>
        <line num="41" count="18" type="stmt"/>
        <line num="42" count="18" type="stmt"/>
        <line num="44" count="18" type="stmt"/>
        <line num="45" count="18" type="stmt"/>
        <line num="46" count="18" type="stmt"/>
        <line num="47" count="18" type="stmt"/>
        <line num="49" count="18" type="stmt"/>
        <line num="50" count="18" type="stmt"/>
        <line num="51" count="18" type="cond" truecount="2" falsecount="0"/>
        <line num="52" count="18" type="cond" truecount="2" falsecount="0"/>
        <line num="54" count="18" type="cond" truecount="4" falsecount="0"/>
        <line num="55" count="18" type="cond" truecount="6" falsecount="0"/>
        <line num="56" count="18" type="cond" truecount="2" falsecount="0"/>
        <line num="57" count="18" type="cond" truecount="2" falsecount="0"/>
        <line num="59" count="18" type="stmt"/>
        <line num="62" count="18" type="stmt"/>
        <line num="64" count="18" type="stmt"/>
        <line num="65" count="18" type="stmt"/>
        <line num="67" count="18" type="cond" truecount="3" falsecount="0"/>
        <line num="68" count="2" type="stmt"/>
        <line num="69" count="2" type="stmt"/>
        <line num="70" count="2" type="stmt"/>
        <line num="73" count="18" type="cond" truecount="3" falsecount="0"/>
        <line num="74" count="8" type="stmt"/>
        <line num="75" count="5" type="cond" truecount="1" falsecount="0"/>
        <line num="76" count="5" type="stmt"/>
        <line num="77" count="4" type="stmt"/>
        <line num="78" count="4" type="stmt"/>
        <line num="82" count="18" type="cond" truecount="3" falsecount="0"/>
        <line num="83" count="1" type="stmt"/>
        <line num="84" count="1" type="stmt"/>
        <line num="87" count="18" type="cond" truecount="3" falsecount="0"/>
        <line num="88" count="1" type="stmt"/>
        <line num="89" count="1" type="stmt"/>
        <line num="92" count="18" type="cond" truecount="3" falsecount="0"/>
        <line num="93" count="1" type="stmt"/>
        <line num="94" count="1" type="stmt"/>
        <line num="97" count="18" type="cond" truecount="2" falsecount="0"/>
        <line num="100" count="18" type="stmt"/>
        <line num="102" count="18" type="cond" truecount="2" falsecount="0"/>
        <line num="103" count="8" type="stmt"/>
        <line num="106" count="8" type="stmt"/>
        <line num="108" count="8" type="stmt"/>
        <line num="109" count="8" type="stmt"/>
        <line num="110" count="8" type="stmt"/>
        <line num="112" count="10" type="stmt"/>
        <line num="113" count="10" type="stmt"/>
        <line num="114" count="10" type="stmt"/>
        <line num="117" count="144" type="stmt"/>
        <line num="122" count="18" type="stmt"/>
        <line num="129" count="18" type="stmt"/>
        <line num="131" count="0" type="stmt"/>
        <line num="137" count="1" type="stmt"/>
        <line num="138" count="11" type="stmt"/>
        <line num="139" count="11" type="stmt"/>
        <line num="140" count="11" type="stmt"/>
        <line num="142" count="11" type="cond" truecount="3" falsecount="0"/>
        <line num="143" count="1" type="stmt"/>
        <line num="146" count="10" type="cond" truecount="3" falsecount="0"/>
        <line num="147" count="2" type="stmt"/>
        <line num="150" count="8" type="cond" truecount="2" falsecount="0"/>
        <line num="151" count="8" type="stmt"/>
        <line num="152" count="8" type="cond" truecount="1" falsecount="0"/>
        <line num="153" count="2" type="stmt"/>
        <line num="156" count="15" type="stmt"/>
        <line num="157" count="6" type="stmt"/>
        <line num="158" count="6" type="stmt"/>
        <line num="159" count="6" type="stmt"/>
        <line num="160" count="13" type="cond" truecount="1" falsecount="0"/>
        <line num="161" count="11" type="stmt"/>
        <line num="162" count="11" type="stmt"/>
        <line num="165" count="6" type="cond" truecount="1" falsecount="0"/>
        <line num="166" count="1" type="stmt"/>
        <line num="169" count="5" type="stmt"/>
        <line num="170" count="5" type="stmt"/>
        <line num="171" count="5" type="stmt"/>
        <line num="173" count="5" type="stmt"/>
        <line num="174" count="11" type="stmt"/>
        <line num="177" count="11" type="cond" truecount="1" falsecount="0"/>
        <line num="178" count="10" type="stmt"/>
        <line num="182" count="5" type="stmt"/>
        <line num="183" count="5" type="stmt"/>
        <line num="184" count="5" type="cond" truecount="2" falsecount="0"/>
        <line num="185" count="2" type="stmt"/>
        <line num="186" count="2" type="stmt"/>
        <line num="188" count="2" type="stmt"/>
        <line num="189" count="5" type="stmt"/>
        <line num="190" count="5" type="stmt"/>
        <line num="194" count="5" type="cond" truecount="1" falsecount="0"/>
        <line num="195" count="1" type="stmt"/>
        <line num="196" count="1" type="stmt"/>
        <line num="199" count="4" type="stmt"/>
        <line num="200" count="4" type="stmt"/>
        <line num="201" count="4" type="cond" truecount="1" falsecount="1"/>
        <line num="202" count="4" type="stmt"/>
        <line num="204" count="0" type="stmt"/>
        <line num="207" count="0" type="stmt"/>
        <line num="214" count="3" type="cond" truecount="2" falsecount="0"/>
        <line num="215" count="3" type="cond" truecount="2" falsecount="0"/>
        <line num="216" count="3" type="stmt"/>
        <line num="220" count="3" type="stmt"/>
        <line num="221" count="6" type="stmt"/>
        <line num="222" count="6" type="stmt"/>
        <line num="226" count="6" type="cond" truecount="0" falsecount="1"/>
        <line num="227" count="0" type="stmt"/>
        <line num="228" count="0" type="stmt"/>
        <line num="231" count="6" type="stmt"/>
        <line num="232" count="6" type="cond" truecount="1" falsecount="1"/>
        <line num="233" count="6" type="stmt"/>
        <line num="235" count="0" type="stmt"/>
        <line num="238" count="0" type="stmt"/>
        <line num="246" count="5" type="cond" truecount="2" falsecount="0"/>
        <line num="247" count="1" type="stmt"/>
        <line num="249" count="4" type="stmt"/>
        <line num="252" count="0" type="stmt"/>
        <line num="253" count="0" type="stmt"/>
        <line num="256" count="5" type="stmt"/>
        <line num="260" count="1" type="stmt"/>
        <line num="264" count="5" type="stmt"/>
        <line num="265" count="5" type="cond" truecount="1" falsecount="0"/>
        <line num="266" count="5" type="stmt"/>
        <line num="271" count="5" type="stmt"/>
        <line num="273" count="5" type="stmt"/>
        <line num="289" count="5" type="stmt"/>
        <line num="299" count="0" type="stmt"/>
        <line num="302" count="5" type="cond" truecount="4" falsecount="0"/>
        <line num="303" count="5" type="stmt"/>
        <line num="309" count="5" type="stmt"/>
        <line num="311" count="6" type="stmt"/>
        <line num="315" count="1" type="stmt"/>
        <line num="316" count="6" type="stmt"/>
        <line num="317" count="6" type="stmt"/>
        <line num="318" count="6" type="stmt"/>
        <line num="319" count="6" type="cond" truecount="1" falsecount="0"/>
        <line num="320" count="1" type="stmt"/>
        <line num="323" count="5" type="stmt"/>
        <line num="327" count="5" type="cond" truecount="1" falsecount="0"/>
        <line num="328" count="2" type="stmt"/>
        <line num="331" count="3" type="stmt"/>
        <line num="333" count="3" type="stmt"/>
        <line num="338" count="3" type="stmt"/>
        <line num="340" count="3" type="stmt"/>
        <line num="344" count="1" type="stmt"/>
        <line num="345" count="0" type="stmt"/>
        <line num="346" count="0" type="stmt"/>
        <line num="350" count="0" type="cond" truecount="0" falsecount="3"/>
        <line num="351" count="0" type="cond" truecount="0" falsecount="3"/>
        <line num="352" count="0" type="stmt"/>
        <line num="354" count="0" type="stmt"/>
        <line num="358" count="1" type="stmt"/>
        <line num="359" count="3" type="stmt"/>
        <line num="360" count="3" type="stmt"/>
        <line num="361" count="3" type="stmt"/>
        <line num="362" count="3" type="cond" truecount="1" falsecount="0"/>
        <line num="363" count="1" type="stmt"/>
        <line num="366" count="2" type="stmt"/>
        <line num="370" count="2" type="cond" truecount="1" falsecount="0"/>
        <line num="371" count="1" type="stmt"/>
        <line num="374" count="1" type="stmt"/>
        <line num="376" count="1" type="stmt"/>
        <line num="385" count="1" type="stmt"/>
        <line num="386" count="0" type="stmt"/>
        <line num="389" count="1" type="stmt"/>
        <line num="394" count="1" type="stmt"/>
        <line num="399" count="1" type="stmt"/>
        <line num="401" count="2" type="stmt"/>
        <line num="405" count="1" type="stmt"/>
        <line num="407" count="16" type="stmt"/>
        <line num="408" count="16" type="stmt"/>
        <line num="409" count="16" type="stmt"/>
        <line num="411" count="16" type="cond" truecount="3" falsecount="0"/>
        <line num="412" count="2" type="stmt"/>
        <line num="414" count="14" type="cond" truecount="3" falsecount="0"/>
        <line num="415" count="1" type="stmt"/>
        <line num="417" count="13" type="cond" truecount="1" falsecount="0"/>
        <line num="418" count="1" type="stmt"/>
        <line num="420" count="12" type="cond" truecount="3" falsecount="0"/>
        <line num="421" count="5" type="stmt"/>
        <line num="423" count="7" type="cond" truecount="3" falsecount="0"/>
        <line num="424" count="1" type="stmt"/>
        <line num="427" count="6" type="stmt"/>
        <line num="428" count="6" type="stmt"/>
        <line num="429" count="6" type="stmt"/>
        <line num="441" count="5" type="stmt"/>
        <line num="443" count="5" type="cond" truecount="3" falsecount="0"/>
        <line num="444" count="1" type="stmt"/>
        <line num="447" count="1" type="stmt"/>
        <line num="448" count="2" type="stmt"/>
        <line num="452" count="5" type="stmt"/>
        <line num="454" count="5" type="stmt"/>
        <line num="457" count="5" type="stmt"/>
        <line num="459" count="5" type="stmt"/>
        <line num="465" count="5" type="stmt"/>
        <line num="467" count="1" type="stmt"/>
        <line num="468" count="1" type="stmt"/>
        <line num="471" count="11" type="stmt"/>
        <line num="475" count="1" type="stmt"/>
        <line num="477" count="15" type="stmt"/>
        <line num="478" count="15" type="stmt"/>
        <line num="479" count="15" type="stmt"/>
        <line num="480" count="15" type="cond" truecount="1" falsecount="0"/>
        <line num="481" count="1" type="stmt"/>
        <line num="484" count="14" type="stmt"/>
        <line num="488" count="14" type="cond" truecount="1" falsecount="0"/>
        <line num="489" count="1" type="stmt"/>
        <line num="492" count="13" type="stmt"/>
        <line num="494" count="13" type="cond" truecount="3" falsecount="0"/>
        <line num="495" count="1" type="stmt"/>
        <line num="497" count="12" type="cond" truecount="3" falsecount="0"/>
        <line num="498" count="1" type="stmt"/>
        <line num="500" count="11" type="cond" truecount="4" falsecount="0"/>
        <line num="501" count="1" type="stmt"/>
        <line num="503" count="10" type="cond" truecount="3" falsecount="0"/>
        <line num="504" count="1" type="stmt"/>
        <line num="507" count="9" type="stmt"/>
        <line num="508" count="9" type="stmt"/>
        <line num="509" count="9" type="stmt"/>
        <line num="510" count="9" type="stmt"/>
        <line num="512" count="9" type="cond" truecount="1" falsecount="0"/>
        <line num="513" count="2" type="stmt"/>
        <line num="514" count="2" type="stmt"/>
        <line num="516" count="9" type="cond" truecount="1" falsecount="0"/>
        <line num="517" count="1" type="stmt"/>
        <line num="518" count="1" type="stmt"/>
        <line num="520" count="9" type="cond" truecount="1" falsecount="0"/>
        <line num="521" count="1" type="stmt"/>
        <line num="522" count="1" type="cond" truecount="2" falsecount="0"/>
        <line num="524" count="9" type="cond" truecount="1" falsecount="0"/>
        <line num="525" count="2" type="stmt"/>
        <line num="526" count="2" type="cond" truecount="2" falsecount="0"/>
        <line num="528" count="9" type="cond" truecount="1" falsecount="0"/>
        <line num="529" count="1" type="stmt"/>
        <line num="530" count="1" type="stmt"/>
        <line num="533" count="9" type="cond" truecount="1" falsecount="0"/>
        <line num="534" count="7" type="stmt"/>
        <line num="535" count="7" type="stmt"/>
        <line num="536" count="7" type="stmt"/>
        <line num="537" count="7" type="stmt"/>
        <line num="540" count="9" type="cond" truecount="1" falsecount="0"/>
        <line num="541" count="2" type="stmt"/>
        <line num="542" count="2" type="cond" truecount="1" falsecount="0"/>
        <line num="543" count="1" type="stmt"/>
        <line num="546" count="1" type="stmt"/>
        <line num="547" count="2" type="stmt"/>
        <line num="552" count="9" type="stmt"/>
        <line num="554" count="0" type="stmt"/>
        <line num="555" count="0" type="stmt"/>
        <line num="558" count="9" type="stmt"/>
        <line num="561" count="9" type="stmt"/>
        <line num="563" count="9" type="stmt"/>
        <line num="569" count="9" type="stmt"/>
        <line num="571" count="6" type="stmt"/>
        <line num="575" count="1" type="stmt"/>
        <line num="576" count="6" type="stmt"/>
        <line num="577" count="6" type="stmt"/>
        <line num="578" count="6" type="stmt"/>
        <line num="579" count="6" type="cond" truecount="1" falsecount="0"/>
        <line num="580" count="1" type="stmt"/>
        <line num="583" count="5" type="stmt"/>
        <line num="587" count="5" type="cond" truecount="1" falsecount="0"/>
        <line num="588" count="2" type="stmt"/>
        <line num="591" count="3" type="stmt"/>
        <line num="592" count="3" type="stmt"/>
        <line num="594" count="3" type="stmt"/>
        <line num="602" count="3" type="stmt"/>
        <line num="604" count="3" type="stmt"/>
        <line num="608" count="1" type="stmt"/>
        <line num="610" count="5" type="stmt"/>
        <line num="611" count="5" type="stmt"/>
        <line num="612" count="5" type="stmt"/>
        <line num="613" count="5" type="cond" truecount="1" falsecount="0"/>
        <line num="614" count="1" type="stmt"/>
        <line num="617" count="4" type="stmt"/>
        <line num="621" count="4" type="cond" truecount="1" falsecount="0"/>
        <line num="622" count="1" type="stmt"/>
        <line num="625" count="3" type="stmt"/>
        <line num="627" count="3" type="cond" truecount="1" falsecount="0"/>
        <line num="628" count="1" type="stmt"/>
        <line num="631" count="2" type="stmt"/>
        <line num="632" count="2" type="stmt"/>
        <line num="633" count="2" type="stmt"/>
        <line num="634" count="2" type="cond" truecount="1" falsecount="0"/>
        <line num="635" count="1" type="stmt"/>
        <line num="638" count="1" type="stmt"/>
        <line num="639" count="2" type="stmt"/>
        <line num="642" count="2" type="stmt"/>
        <line num="644" count="0" type="stmt"/>
        <line num="645" count="0" type="stmt"/>
        <line num="648" count="2" type="stmt"/>
        <line num="653" count="2" type="stmt"/>
        <line num="655" count="3" type="stmt"/>
        <line num="659" count="1" type="stmt"/>
        <line num="661" count="4" type="stmt"/>
        <line num="662" count="4" type="stmt"/>
        <line num="663" count="4" type="stmt"/>
        <line num="664" count="4" type="cond" truecount="1" falsecount="0"/>
        <line num="665" count="1" type="stmt"/>
        <line num="668" count="3" type="stmt"/>
        <line num="672" count="3" type="cond" truecount="1" falsecount="0"/>
        <line num="673" count="1" type="stmt"/>
        <line num="676" count="2" type="stmt"/>
        <line num="677" count="2" type="stmt"/>
        <line num="678" count="2" type="stmt"/>
        <line num="679" count="2" type="stmt"/>
        <line num="680" count="2" type="stmt"/>
        <line num="682" count="0" type="stmt"/>
        <line num="683" count="0" type="stmt"/>
        <line num="686" count="2" type="stmt"/>
        <line num="691" count="2" type="stmt"/>
        <line num="693" count="2" type="stmt"/>
        <line num="706" count="1" type="stmt"/>
        <line num="707" count="0" type="stmt"/>
        <line num="708" count="0" type="stmt"/>
        <line num="709" count="0" type="stmt"/>
        <line num="710" count="0" type="stmt"/>
        <line num="712" count="0" type="stmt"/>
        <line num="720" count="1" type="stmt"/>
        <line num="721" count="0" type="cond" truecount="0" falsecount="3"/>
        <line num="722" count="0" type="stmt"/>
        <line num="724" count="0" type="cond" truecount="0" falsecount="3"/>
        <line num="725" count="0" type="stmt"/>
        <line num="727" count="0" type="cond" truecount="0" falsecount="1"/>
        <line num="728" count="0" type="stmt"/>
        <line num="730" count="0" type="cond" truecount="0" falsecount="4"/>
        <line num="731" count="0" type="stmt"/>
        <line num="733" count="0" type="cond" truecount="0" falsecount="3"/>
        <line num="734" count="0" type="stmt"/>
        <line num="736" count="0" type="stmt"/>
        <line num="743" count="1" type="stmt"/>
        <line num="746" count="1" type="stmt"/>
        <line num="747" count="1" type="stmt"/>
        <line num="748" count="1" type="stmt"/>
        <line num="749" count="1" type="cond" truecount="1" falsecount="0"/>
        <line num="750" count="1" type="stmt"/>
        <line num="753" count="0" type="cond" truecount="0" falsecount="1"/>
        <line num="754" count="0" type="stmt"/>
        <line num="757" count="0" type="stmt"/>
        <line num="761" count="0" type="stmt"/>
        <line num="762" count="0" type="stmt"/>
        <line num="763" count="0" type="stmt"/>
        <line num="764" count="0" type="stmt"/>
        <line num="766" count="0" type="stmt"/>
        <line num="767" count="0" type="stmt"/>
        <line num="770" count="0" type="cond" truecount="0" falsecount="1"/>
        <line num="771" count="0" type="stmt"/>
        <line num="772" count="0" type="stmt"/>
        <line num="775" count="0" type="stmt"/>
        <line num="776" count="0" type="stmt"/>
        <line num="778" count="0" type="stmt"/>
        <line num="779" count="0" type="stmt"/>
        <line num="780" count="0" type="cond" truecount="0" falsecount="4"/>
        <line num="781" count="0" type="stmt"/>
        <line num="783" count="0" type="stmt"/>
        <line num="787" count="0" type="stmt"/>
        <line num="791" count="0" type="stmt"/>
        <line num="792" count="0" type="stmt"/>
        <line num="794" count="0" type="stmt"/>
        <line num="795" count="0" type="stmt"/>
        <line num="796" count="0" type="stmt"/>
        <line num="797" count="0" type="stmt"/>
        <line num="798" count="0" type="stmt"/>
        <line num="804" count="0" type="cond" truecount="0" falsecount="2"/>
        <line num="805" count="0" type="stmt"/>
        <line num="807" count="0" type="stmt"/>
        <line num="813" count="0" type="stmt"/>
        <line num="819" count="0" type="stmt"/>
        <line num="821" count="0" type="stmt"/>
        <line num="822" count="0" type="stmt"/>
        <line num="823" count="0" type="stmt"/>
        <line num="826" count="0" type="stmt"/>
        <line num="827" count="0" type="stmt"/>
        <line num="832" count="0" type="stmt"/>
        <line num="839" count="0" type="stmt"/>
        <line num="840" count="0" type="stmt"/>
        <line num="860" count="0" type="stmt"/>
        <line num="863" count="0" type="stmt"/>
        <line num="869" count="0" type="stmt"/>
        <line num="871" count="1" type="stmt"/>
        <line num="875" count="1" type="stmt"/>
        <line num="877" count="6" type="stmt"/>
        <line num="878" count="6" type="stmt"/>
        <line num="879" count="6" type="stmt"/>
        <line num="888" count="6" type="stmt"/>
        <line num="890" count="6" type="cond" truecount="5" falsecount="0"/>
        <line num="891" count="3" type="stmt"/>
        <line num="892" count="1" type="stmt"/>
        <line num="896" count="5" type="stmt"/>
        <line num="897" count="5" type="stmt"/>
        <line num="899" count="5" type="cond" truecount="3" falsecount="0"/>
        <line num="900" count="1" type="stmt"/>
        <line num="901" count="1" type="stmt"/>
        <line num="902" count="1" type="stmt"/>
        <line num="905" count="5" type="cond" truecount="4" falsecount="0"/>
        <line num="906" count="1" type="stmt"/>
        <line num="907" count="1" type="cond" truecount="1" falsecount="0"/>
        <line num="908" count="1" type="stmt"/>
        <line num="909" count="1" type="stmt"/>
        <line num="910" count="1" type="stmt"/>
        <line num="914" count="5" type="cond" truecount="3" falsecount="0"/>
        <line num="915" count="1" type="stmt"/>
        <line num="916" count="1" type="stmt"/>
        <line num="919" count="5" type="cond" truecount="3" falsecount="0"/>
        <line num="920" count="1" type="stmt"/>
        <line num="921" count="1" type="stmt"/>
        <line num="924" count="5" type="cond" truecount="3" falsecount="0"/>
        <line num="925" count="1" type="stmt"/>
        <line num="926" count="1" type="stmt"/>
        <line num="929" count="5" type="cond" truecount="2" falsecount="0"/>
        <line num="931" count="5" type="cond" truecount="2" falsecount="0"/>
        <line num="932" count="4" type="stmt"/>
        <line num="936" count="1" type="stmt"/>
        <line num="942" count="30" type="stmt"/>
        <line num="951" count="6" type="stmt"/>
        <line num="952" count="6" type="stmt"/>
        <line num="961" count="6" type="stmt"/>
        <line num="962" count="6" type="stmt"/>
        <line num="964" count="6" type="stmt"/>
        <line num="965" count="6" type="stmt"/>
        <line num="966" count="6" type="stmt"/>
        <line num="968" count="6" type="stmt"/>
        <line num="970" count="6" type="stmt"/>
        <line num="972" count="6" type="stmt"/>
        <line num="982" count="6" type="stmt"/>
        <line num="984" count="0" type="stmt"/>
        <line num="988" count="1" type="stmt"/>
        <line num="990" count="1" type="stmt"/>
        <line num="991" count="1" type="stmt"/>
        <line num="1006" count="1" type="stmt"/>
        <line num="1007" count="1" type="stmt"/>
        <line num="1014" count="1" type="stmt"/>
        <line num="1015" count="1" type="stmt"/>
        <line num="1017" count="1" type="stmt"/>
        <line num="1018" count="1" type="stmt"/>
        <line num="1019" count="1" type="stmt"/>
        <line num="1021" count="1" type="stmt"/>
        <line num="1023" count="1" type="stmt"/>
        <line num="1025" count="1" type="stmt"/>
        <line num="1034" count="1" type="stmt"/>
        <line num="1036" count="0" type="stmt"/>
        <line num="1040" count="1" type="stmt"/>
        <line num="1042" count="1" type="stmt"/>
        <line num="1043" count="1" type="stmt"/>
        <line num="1045" count="1" type="stmt"/>
        <line num="1051" count="1" type="stmt"/>
        <line num="1057" count="1" type="stmt"/>
        <line num="1059" count="0" type="stmt"/>
        <line num="1067" count="1" type="stmt"/>
        <line num="1070" count="3" type="stmt"/>
        <line num="1071" count="3" type="stmt"/>
        <line num="1072" count="3" type="stmt"/>
        <line num="1073" count="3" type="cond" truecount="1" falsecount="0"/>
        <line num="1074" count="1" type="stmt"/>
        <line num="1077" count="2" type="stmt"/>
        <line num="1081" count="2" type="cond" truecount="1" falsecount="0"/>
        <line num="1082" count="1" type="stmt"/>
        <line num="1085" count="1" type="stmt"/>
        <line num="1086" count="1" type="cond" truecount="1" falsecount="0"/>
        <line num="1087" count="1" type="stmt"/>
        <line num="1090" count="0" type="stmt"/>
        <line num="1092" count="0" type="stmt"/>
        <line num="1096" count="0" type="stmt"/>
        <line num="1099" count="0" type="stmt"/>
        <line num="1101" count="0" type="stmt"/>
        <line num="1110" count="0" type="stmt"/>
        <line num="1112" count="3" type="stmt"/>
      </file>
    </package>
    <package name="services">
      <metrics statements="28" coveredstatements="16" conditionals="14" coveredconditionals="2" methods="4" coveredmethods="3"/>
      <file name="logService.ts" path="F:\Lcj\0602\label-651\backend\src\services\logService.ts">
        <metrics statements="28" coveredstatements="16" conditionals="14" coveredconditionals="2" methods="4" coveredmethods="3"/>
        <line num="4" count="1" type="stmt"/>
        <line num="5" count="5" type="stmt"/>
        <line num="6" count="5" type="cond" truecount="0" falsecount="1"/>
        <line num="7" count="0" type="stmt"/>
        <line num="9" count="5" type="stmt"/>
        <line num="10" count="5" type="cond" truecount="0" falsecount="1"/>
        <line num="11" count="0" type="stmt"/>
        <line num="13" count="5" type="cond" truecount="1" falsecount="2"/>
        <line num="16" count="1" type="stmt"/>
        <line num="17" count="5" type="stmt"/>
        <line num="18" count="5" type="stmt"/>
        <line num="19" count="5" type="cond" truecount="1" falsecount="1"/>
        <line num="22" count="1" type="stmt"/>
        <line num="30" count="5" type="stmt"/>
        <line num="31" count="5" type="stmt"/>
        <line num="33" count="5" type="stmt"/>
        <line num="41" count="5" type="stmt"/>
        <line num="44" count="1" type="stmt"/>
        <line num="48" count="0" type="stmt"/>
        <line num="50" count="0" type="cond" truecount="0" falsecount="3"/>
        <line num="52" count="0" type="stmt"/>
        <line num="54" count="0" type="stmt"/>
        <line num="55" count="0" type="cond" truecount="0" falsecount="3"/>
        <line num="57" count="0" type="stmt"/>
        <line num="58" count="0" type="stmt"/>
        <line num="60" count="0" type="cond" truecount="0" falsecount="1"/>
        <line num="61" count="0" type="stmt"/>
        <line num="68" count="0" type="stmt"/>
      </file>
    </package>
  </project>
</coverage>
