{"F:\\Lcj\\0602\\label-651\\backend\\src\\middleware\\auth.ts": {"path":"F:\\Lcj\\0602\\label-651\\backend\\src\\middleware\\auth.ts","statementMap":{"0":{"start":{"line":12,"column":28},"end":{"line":21,"column":1}},"1":{"start":{"line":13,"column":16},"end":{"line":19,"column":38}},"2":{"start":{"line":20,"column":2},"end":{"line":20,"column":34}},"3":{"start":{"line":20,"column":26},"end":{"line":20,"column":32}},"4":{"start":{"line":23,"column":34},"end":{"line":34,"column":1}},"5":{"start":{"line":24,"column":22},"end":{"line":32,"column":38}},"6":{"start":{"line":33,"column":2},"end":{"line":33,"column":40}},"7":{"start":{"line":33,"column":32},"end":{"line":33,"column":38}},"8":{"start":{"line":36,"column":23},"end":{"line":46,"column":1}},"9":{"start":{"line":37,"column":13},"end":{"line":37,"column":20}},"10":{"start":{"line":38,"column":17},"end":{"line":44,"column":26}},"11":{"start":{"line":45,"column":2},"end":{"line":45,"column":18}},"12":{"start":{"line":48,"column":29},"end":{"line":60,"column":1}},"13":{"start":{"line":49,"column":13},"end":{"line":49,"column":20}},"14":{"start":{"line":50,"column":17},"end":{"line":58,"column":32}},"15":{"start":{"line":59,"column":2},"end":{"line":59,"column":18}},"16":{"start":{"line":62,"column":27},"end":{"line":85,"column":1}},"17":{"start":{"line":63,"column":17},"end":{"line":63,"column":51}},"18":{"start":{"line":65,"column":2},"end":{"line":67,"column":3}},"19":{"start":{"line":66,"column":4},"end":{"line":66,"column":47}},"20":{"start":{"line":69,"column":13},"end":{"line":69,"column":29}},"21":{"start":{"line":70,"column":2},"end":{"line":72,"column":3}},"22":{"start":{"line":71,"column":4},"end":{"line":71,"column":46}},"23":{"start":{"line":74,"column":13},"end":{"line":74,"column":20}},"24":{"start":{"line":75,"column":15},"end":{"line":75,"column":70}},"25":{"start":{"line":76,"column":2},"end":{"line":78,"column":3}},"26":{"start":{"line":77,"column":4},"end":{"line":77,"column":44}},"27":{"start":{"line":80,"column":2},"end":{"line":80,"column":18}},"28":{"start":{"line":81,"column":2},"end":{"line":81,"column":39}},"29":{"start":{"line":82,"column":2},"end":{"line":82,"column":51}},"30":{"start":{"line":84,"column":2},"end":{"line":84,"column":9}},"31":{"start":{"line":87,"column":27},"end":{"line":99,"column":1}},"32":{"start":{"line":88,"column":2},"end":{"line":98,"column":4}},"33":{"start":{"line":89,"column":4},"end":{"line":91,"column":5}},"34":{"start":{"line":90,"column":6},"end":{"line":90,"column":49}},"35":{"start":{"line":93,"column":4},"end":{"line":95,"column":5}},"36":{"start":{"line":94,"column":6},"end":{"line":94,"column":65}},"37":{"start":{"line":97,"column":4},"end":{"line":97,"column":11}},"38":{"start":{"line":101,"column":33},"end":{"line":113,"column":1}},"39":{"start":{"line":102,"column":2},"end":{"line":112,"column":4}},"40":{"start":{"line":103,"column":4},"end":{"line":105,"column":5}},"41":{"start":{"line":104,"column":6},"end":{"line":104,"column":49}},"42":{"start":{"line":107,"column":4},"end":{"line":109,"column":5}},"43":{"start":{"line":108,"column":6},"end":{"line":108,"column":71}},"44":{"start":{"line":111,"column":4},"end":{"line":111,"column":11}},"45":{"start":{"line":115,"column":30},"end":{"line":128,"column":1}},"46":{"start":{"line":116,"column":2},"end":{"line":127,"column":4}},"47":{"start":{"line":117,"column":4},"end":{"line":119,"column":5}},"48":{"start":{"line":118,"column":6},"end":{"line":118,"column":49}},"49":{"start":{"line":121,"column":19},"end":{"line":121,"column":74}},"50":{"start":{"line":121,"column":44},"end":{"line":121,"column":73}},"51":{"start":{"line":122,"column":4},"end":{"line":124,"column":5}},"52":{"start":{"line":123,"column":6},"end":{"line":123,"column":79}},"53":{"start":{"line":126,"column":4},"end":{"line":126,"column":11}},"54":{"start":{"line":130,"column":36},"end":{"line":143,"column":1}},"55":{"start":{"line":131,"column":2},"end":{"line":142,"column":4}},"56":{"start":{"line":132,"column":4},"end":{"line":134,"column":5}},"57":{"start":{"line":133,"column":6},"end":{"line":133,"column":49}},"58":{"start":{"line":136,"column":19},"end":{"line":136,"column":86}},"59":{"start":{"line":136,"column":50},"end":{"line":136,"column":85}},"60":{"start":{"line":137,"column":4},"end":{"line":139,"column":5}},"61":{"start":{"line":138,"column":6},"end":{"line":138,"column":85}},"62":{"start":{"line":141,"column":4},"end":{"line":141,"column":11}},"63":{"start":{"line":145,"column":31},"end":{"line":158,"column":1}},"64":{"start":{"line":146,"column":2},"end":{"line":157,"column":4}},"65":{"start":{"line":147,"column":4},"end":{"line":149,"column":5}},"66":{"start":{"line":148,"column":6},"end":{"line":148,"column":49}},"67":{"start":{"line":151,"column":19},"end":{"line":151,"column":75}},"68":{"start":{"line":151,"column":45},"end":{"line":151,"column":74}},"69":{"start":{"line":152,"column":4},"end":{"line":154,"column":5}},"70":{"start":{"line":153,"column":6},"end":{"line":153,"column":79}},"71":{"start":{"line":156,"column":4},"end":{"line":156,"column":11}},"72":{"start":{"line":160,"column":37},"end":{"line":173,"column":1}},"73":{"start":{"line":161,"column":2},"end":{"line":172,"column":4}},"74":{"start":{"line":162,"column":4},"end":{"line":164,"column":5}},"75":{"start":{"line":163,"column":6},"end":{"line":163,"column":49}},"76":{"start":{"line":166,"column":19},"end":{"line":166,"column":87}},"77":{"start":{"line":166,"column":51},"end":{"line":166,"column":86}},"78":{"start":{"line":167,"column":4},"end":{"line":169,"column":5}},"79":{"start":{"line":168,"column":6},"end":{"line":168,"column":85}},"80":{"start":{"line":171,"column":4},"end":{"line":171,"column":11}}},"fnMap":{"0":{"name":"(anonymous_0)","decl":{"start":{"line":12,"column":28},"end":{"line":12,"column":29}},"loc":{"start":{"line":12,"column":66},"end":{"line":21,"column":1}}},"1":{"name":"(anonymous_1)","decl":{"start":{"line":20,"column":19},"end":{"line":20,"column":20}},"loc":{"start":{"line":20,"column":26},"end":{"line":20,"column":32}}},"2":{"name":"(anonymous_2)","decl":{"start":{"line":23,"column":34},"end":{"line":23,"column":35}},"loc":{"start":{"line":23,"column":72},"end":{"line":34,"column":1}}},"3":{"name":"(anonymous_3)","decl":{"start":{"line":33,"column":25},"end":{"line":33,"column":26}},"loc":{"start":{"line":33,"column":32},"end":{"line":33,"column":38}}},"4":{"name":"(anonymous_4)","decl":{"start":{"line":36,"column":23},"end":{"line":36,"column":24}},"loc":{"start":{"line":36,"column":69},"end":{"line":46,"column":1}}},"5":{"name":"(anonymous_5)","decl":{"start":{"line":48,"column":29},"end":{"line":48,"column":30}},"loc":{"start":{"line":48,"column":81},"end":{"line":60,"column":1}}},"6":{"name":"(anonymous_6)","decl":{"start":{"line":62,"column":27},"end":{"line":62,"column":28}},"loc":{"start":{"line":62,"column":83},"end":{"line":85,"column":1}}},"7":{"name":"(anonymous_7)","decl":{"start":{"line":87,"column":27},"end":{"line":87,"column":28}},"loc":{"start":{"line":87,"column":48},"end":{"line":99,"column":1}}},"8":{"name":"(anonymous_8)","decl":{"start":{"line":88,"column":9},"end":{"line":88,"column":10}},"loc":{"start":{"line":88,"column":65},"end":{"line":98,"column":3}}},"9":{"name":"(anonymous_9)","decl":{"start":{"line":101,"column":33},"end":{"line":101,"column":34}},"loc":{"start":{"line":101,"column":60},"end":{"line":113,"column":1}}},"10":{"name":"(anonymous_10)","decl":{"start":{"line":102,"column":9},"end":{"line":102,"column":10}},"loc":{"start":{"line":102,"column":65},"end":{"line":112,"column":3}}},"11":{"name":"(anonymous_11)","decl":{"start":{"line":115,"column":30},"end":{"line":115,"column":31}},"loc":{"start":{"line":115,"column":54},"end":{"line":128,"column":1}}},"12":{"name":"(anonymous_12)","decl":{"start":{"line":116,"column":9},"end":{"line":116,"column":10}},"loc":{"start":{"line":116,"column":65},"end":{"line":127,"column":3}}},"13":{"name":"(anonymous_13)","decl":{"start":{"line":121,"column":34},"end":{"line":121,"column":35}},"loc":{"start":{"line":121,"column":44},"end":{"line":121,"column":73}}},"14":{"name":"(anonymous_14)","decl":{"start":{"line":130,"column":36},"end":{"line":130,"column":37}},"loc":{"start":{"line":130,"column":66},"end":{"line":143,"column":1}}},"15":{"name":"(anonymous_15)","decl":{"start":{"line":131,"column":9},"end":{"line":131,"column":10}},"loc":{"start":{"line":131,"column":65},"end":{"line":142,"column":3}}},"16":{"name":"(anonymous_16)","decl":{"start":{"line":136,"column":40},"end":{"line":136,"column":41}},"loc":{"start":{"line":136,"column":50},"end":{"line":136,"column":85}}},"17":{"name":"(anonymous_17)","decl":{"start":{"line":145,"column":31},"end":{"line":145,"column":32}},"loc":{"start":{"line":145,"column":55},"end":{"line":158,"column":1}}},"18":{"name":"(anonymous_18)","decl":{"start":{"line":146,"column":9},"end":{"line":146,"column":10}},"loc":{"start":{"line":146,"column":65},"end":{"line":157,"column":3}}},"19":{"name":"(anonymous_19)","decl":{"start":{"line":151,"column":35},"end":{"line":151,"column":36}},"loc":{"start":{"line":151,"column":45},"end":{"line":151,"column":74}}},"20":{"name":"(anonymous_20)","decl":{"start":{"line":160,"column":37},"end":{"line":160,"column":38}},"loc":{"start":{"line":160,"column":67},"end":{"line":173,"column":1}}},"21":{"name":"(anonymous_21)","decl":{"start":{"line":161,"column":9},"end":{"line":161,"column":10}},"loc":{"start":{"line":161,"column":65},"end":{"line":172,"column":3}}},"22":{"name":"(anonymous_22)","decl":{"start":{"line":166,"column":41},"end":{"line":166,"column":42}},"loc":{"start":{"line":166,"column":51},"end":{"line":166,"column":86}}}},"branchMap":{"0":{"loc":{"start":{"line":65,"column":2},"end":{"line":67,"column":3}},"type":"if","locations":[{"start":{"line":65,"column":2},"end":{"line":67,"column":3}}]},"1":{"loc":{"start":{"line":70,"column":2},"end":{"line":72,"column":3}},"type":"if","locations":[{"start":{"line":70,"column":2},"end":{"line":72,"column":3}}]},"2":{"loc":{"start":{"line":76,"column":2},"end":{"line":78,"column":3}},"type":"if","locations":[{"start":{"line":76,"column":2},"end":{"line":78,"column":3}}]},"3":{"loc":{"start":{"line":89,"column":4},"end":{"line":91,"column":5}},"type":"if","locations":[{"start":{"line":89,"column":4},"end":{"line":91,"column":5}}]},"4":{"loc":{"start":{"line":93,"column":4},"end":{"line":95,"column":5}},"type":"if","locations":[{"start":{"line":93,"column":4},"end":{"line":95,"column":5}}]},"5":{"loc":{"start":{"line":103,"column":4},"end":{"line":105,"column":5}},"type":"if","locations":[{"start":{"line":103,"column":4},"end":{"line":105,"column":5}}]},"6":{"loc":{"start":{"line":107,"column":4},"end":{"line":109,"column":5}},"type":"if","locations":[{"start":{"line":107,"column":4},"end":{"line":109,"column":5}}]},"7":{"loc":{"start":{"line":117,"column":4},"end":{"line":119,"column":5}},"type":"if","locations":[{"start":{"line":117,"column":4},"end":{"line":119,"column":5}}]},"8":{"loc":{"start":{"line":122,"column":4},"end":{"line":124,"column":5}},"type":"if","locations":[{"start":{"line":122,"column":4},"end":{"line":124,"column":5}}]},"9":{"loc":{"start":{"line":132,"column":4},"end":{"line":134,"column":5}},"type":"if","locations":[{"start":{"line":132,"column":4},"end":{"line":134,"column":5}}]},"10":{"loc":{"start":{"line":137,"column":4},"end":{"line":139,"column":5}},"type":"if","locations":[{"start":{"line":137,"column":4},"end":{"line":139,"column":5}}]},"11":{"loc":{"start":{"line":147,"column":4},"end":{"line":149,"column":5}},"type":"if","locations":[{"start":{"line":147,"column":4},"end":{"line":149,"column":5}}]},"12":{"loc":{"start":{"line":152,"column":4},"end":{"line":154,"column":5}},"type":"if","locations":[{"start":{"line":152,"column":4},"end":{"line":154,"column":5}}]},"13":{"loc":{"start":{"line":162,"column":4},"end":{"line":164,"column":5}},"type":"if","locations":[{"start":{"line":162,"column":4},"end":{"line":164,"column":5}}]},"14":{"loc":{"start":{"line":167,"column":4},"end":{"line":169,"column":5}},"type":"if","locations":[{"start":{"line":167,"column":4},"end":{"line":169,"column":5}}]}},"s":{"0":1,"1":105,"2":105,"3":105,"4":1,"5":105,"6":105,"7":658,"8":1,"9":0,"10":0,"11":0,"12":1,"13":0,"14":0,"15":0,"16":1,"17":118,"18":118,"19":12,"20":106,"21":106,"22":1,"23":105,"24":105,"25":105,"26":0,"27":105,"28":105,"29":105,"30":105,"31":1,"32":0,"33":0,"34":0,"35":0,"36":0,"37":0,"38":1,"39":13,"40":94,"41":0,"42":94,"43":9,"44":85,"45":1,"46":0,"47":0,"48":0,"49":0,"50":0,"51":0,"52":0,"53":0,"54":1,"55":0,"56":0,"57":0,"58":0,"59":0,"60":0,"61":0,"62":0,"63":1,"64":0,"65":0,"66":0,"67":0,"68":0,"69":0,"70":0,"71":0,"72":1,"73":0,"74":0,"75":0,"76":0,"77":0,"78":0,"79":0,"80":0},"f":{"0":105,"1":105,"2":105,"3":658,"4":0,"5":0,"6":118,"7":0,"8":0,"9":13,"10":94,"11":0,"12":0,"13":0,"14":0,"15":0,"16":0,"17":0,"18":0,"19":0,"20":0,"21":0,"22":0},"b":{"0":[12],"1":[1],"2":[0],"3":[0],"4":[0],"5":[0],"6":[9],"7":[0],"8":[0],"9":[0],"10":[0],"11":[0],"12":[0],"13":[0],"14":[0]}}
,"F:\\Lcj\\0602\\label-651\\backend\\src\\middleware\\errorHandler.ts": {"path":"F:\\Lcj\\0602\\label-651\\backend\\src\\middleware\\errorHandler.ts","statementMap":{"0":{"start":{"line":10,"column":4},"end":{"line":10,"column":19}},"1":{"start":{"line":11,"column":4},"end":{"line":11,"column":33}},"2":{"start":{"line":12,"column":4},"end":{"line":12,"column":25}},"3":{"start":{"line":13,"column":4},"end":{"line":13,"column":52}},"4":{"start":{"line":17,"column":28},"end":{"line":81,"column":1}},"5":{"start":{"line":23,"column":2},"end":{"line":23,"column":31}},"6":{"start":{"line":25,"column":2},"end":{"line":31,"column":3}},"7":{"start":{"line":26,"column":34},"end":{"line":29,"column":6}},"8":{"start":{"line":30,"column":4},"end":{"line":30,"column":53}},"9":{"start":{"line":33,"column":2},"end":{"line":58,"column":3}},"10":{"start":{"line":34,"column":18},"end":{"line":34,"column":26}},"11":{"start":{"line":35,"column":17},"end":{"line":35,"column":35}},"12":{"start":{"line":36,"column":4},"end":{"line":52,"column":5}},"13":{"start":{"line":37,"column":6},"end":{"line":37,"column":36}},"14":{"start":{"line":38,"column":11},"end":{"line":52,"column":5}},"15":{"start":{"line":39,"column":6},"end":{"line":39,"column":30}},"16":{"start":{"line":40,"column":11},"end":{"line":52,"column":5}},"17":{"start":{"line":41,"column":6},"end":{"line":41,"column":29}},"18":{"start":{"line":42,"column":11},"end":{"line":52,"column":5}},"19":{"start":{"line":43,"column":6},"end":{"line":43,"column":30}},"20":{"start":{"line":44,"column":11},"end":{"line":52,"column":5}},"21":{"start":{"line":45,"column":6},"end":{"line":45,"column":29}},"22":{"start":{"line":46,"column":11},"end":{"line":52,"column":5}},"23":{"start":{"line":47,"column":6},"end":{"line":47,"column":31}},"24":{"start":{"line":48,"column":11},"end":{"line":52,"column":5}},"25":{"start":{"line":49,"column":6},"end":{"line":49,"column":28}},"26":{"start":{"line":50,"column":11},"end":{"line":52,"column":5}},"27":{"start":{"line":51,"column":6},"end":{"line":51,"column":26}},"28":{"start":{"line":53,"column":34},"end":{"line":56,"column":6}},"29":{"start":{"line":57,"column":4},"end":{"line":57,"column":42}},"30":{"start":{"line":60,"column":2},"end":{"line":66,"column":3}},"31":{"start":{"line":61,"column":34},"end":{"line":64,"column":6}},"32":{"start":{"line":65,"column":4},"end":{"line":65,"column":42}},"33":{"start":{"line":68,"column":2},"end":{"line":74,"column":3}},"34":{"start":{"line":69,"column":34},"end":{"line":72,"column":6}},"35":{"start":{"line":73,"column":4},"end":{"line":73,"column":42}},"36":{"start":{"line":76,"column":32},"end":{"line":79,"column":4}},"37":{"start":{"line":80,"column":2},"end":{"line":80,"column":33}},"38":{"start":{"line":83,"column":24},"end":{"line":85,"column":1}},"39":{"start":{"line":84,"column":2},"end":{"line":84,"column":56}}},"fnMap":{"0":{"name":"(anonymous_0)","decl":{"start":{"line":9,"column":2},"end":{"line":9,"column":14}},"loc":{"start":{"line":9,"column":49},"end":{"line":14,"column":3}}},"1":{"name":"(anonymous_1)","decl":{"start":{"line":17,"column":28},"end":{"line":17,"column":null}},"loc":{"start":{"line":22,"column":4},"end":{"line":81,"column":1}}},"2":{"name":"(anonymous_2)","decl":{"start":{"line":83,"column":24},"end":{"line":83,"column":25}},"loc":{"start":{"line":83,"column":76},"end":{"line":85,"column":1}}}},"branchMap":{"0":{"loc":{"start":{"line":25,"column":2},"end":{"line":31,"column":3}},"type":"if","locations":[{"start":{"line":25,"column":2},"end":{"line":31,"column":3}}]},"1":{"loc":{"start":{"line":33,"column":2},"end":{"line":58,"column":3}},"type":"if","locations":[{"start":{"line":33,"column":2},"end":{"line":58,"column":3}}]},"2":{"loc":{"start":{"line":36,"column":4},"end":{"line":52,"column":5}},"type":"if","locations":[{"start":{"line":36,"column":4},"end":{"line":52,"column":5}},{"start":{"line":38,"column":11},"end":{"line":52,"column":5}}]},"3":{"loc":{"start":{"line":38,"column":11},"end":{"line":52,"column":5}},"type":"if","locations":[{"start":{"line":38,"column":11},"end":{"line":52,"column":5}},{"start":{"line":40,"column":11},"end":{"line":52,"column":5}}]},"4":{"loc":{"start":{"line":40,"column":11},"end":{"line":52,"column":5}},"type":"if","locations":[{"start":{"line":40,"column":11},"end":{"line":52,"column":5}},{"start":{"line":42,"column":11},"end":{"line":52,"column":5}}]},"5":{"loc":{"start":{"line":42,"column":11},"end":{"line":52,"column":5}},"type":"if","locations":[{"start":{"line":42,"column":11},"end":{"line":52,"column":5}},{"start":{"line":44,"column":11},"end":{"line":52,"column":5}}]},"6":{"loc":{"start":{"line":44,"column":11},"end":{"line":52,"column":5}},"type":"if","locations":[{"start":{"line":44,"column":11},"end":{"line":52,"column":5}},{"start":{"line":46,"column":11},"end":{"line":52,"column":5}}]},"7":{"loc":{"start":{"line":46,"column":11},"end":{"line":52,"column":5}},"type":"if","locations":[{"start":{"line":46,"column":11},"end":{"line":52,"column":5}},{"start":{"line":48,"column":11},"end":{"line":52,"column":5}}]},"8":{"loc":{"start":{"line":48,"column":11},"end":{"line":52,"column":5}},"type":"if","locations":[{"start":{"line":48,"column":11},"end":{"line":52,"column":5}},{"start":{"line":50,"column":11},"end":{"line":52,"column":5}}]},"9":{"loc":{"start":{"line":50,"column":11},"end":{"line":52,"column":5}},"type":"if","locations":[{"start":{"line":50,"column":11},"end":{"line":52,"column":5}}]},"10":{"loc":{"start":{"line":60,"column":2},"end":{"line":66,"column":3}},"type":"if","locations":[{"start":{"line":60,"column":2},"end":{"line":66,"column":3}}]},"11":{"loc":{"start":{"line":68,"column":2},"end":{"line":74,"column":3}},"type":"if","locations":[{"start":{"line":68,"column":2},"end":{"line":74,"column":3}}]}},"s":{"0":61,"1":61,"2":61,"3":61,"4":1,"5":62,"6":62,"7":61,"8":61,"9":1,"10":0,"11":0,"12":0,"13":0,"14":0,"15":0,"16":0,"17":0,"18":0,"19":0,"20":0,"21":0,"22":0,"23":0,"24":0,"25":0,"26":0,"27":0,"28":0,"29":0,"30":1,"31":0,"32":0,"33":1,"34":1,"35":1,"36":0,"37":0,"38":1,"39":0},"f":{"0":61,"1":62,"2":0},"b":{"0":[61],"1":[0],"2":[0,0],"3":[0,0],"4":[0,0],"5":[0,0],"6":[0,0],"7":[0,0],"8":[0,0],"9":[0],"10":[0],"11":[1]}}
,"F:\\Lcj\\0602\\label-651\\backend\\src\\routes\\users.ts": {"path":"F:\\Lcj\\0602\\label-651\\backend\\src\\routes\\users.ts","statementMap":{"0":{"start":{"line":13,"column":15},"end":{"line":13,"column":23}},"1":{"start":{"line":15,"column":22},"end":{"line":18,"column":1}},"2":{"start":{"line":16,"column":21},"end":{"line":16,"column":49}},"3":{"start":{"line":17,"column":2},"end":{"line":17,"column":32}},"4":{"start":{"line":20,"column":22},"end":{"line":23,"column":1}},"5":{"start":{"line":21,"column":21},"end":{"line":21,"column":36}},"6":{"start":{"line":22,"column":2},"end":{"line":22,"column":32}},"7":{"start":{"line":25,"column":21},"end":{"line":34,"column":1}},"8":{"start":{"line":26,"column":2},"end":{"line":33,"column":38}},"9":{"start":{"line":36,"column":28},"end":{"line":36,"column":59}},"10":{"start":{"line":37,"column":28},"end":{"line":37,"column":43}},"11":{"start":{"line":39,"column":0},"end":{"line":133,"column":3}},"12":{"start":{"line":40,"column":2},"end":{"line":132,"column":3}},"13":{"start":{"line":41,"column":15},"end":{"line":41,"column":22}},"14":{"start":{"line":42,"column":19},"end":{"line":42,"column":45}},"15":{"start":{"line":44,"column":26},"end":{"line":44,"column":54}},"16":{"start":{"line":45,"column":27},"end":{"line":45,"column":63}},"17":{"start":{"line":46,"column":25},"end":{"line":46,"column":59}},"18":{"start":{"line":47,"column":24},"end":{"line":47,"column":56}},"19":{"start":{"line":49,"column":22},"end":{"line":49,"column":56}},"20":{"start":{"line":50,"column":26},"end":{"line":50,"column":64}},"21":{"start":{"line":51,"column":20},"end":{"line":51,"column":63}},"22":{"start":{"line":52,"column":23},"end":{"line":52,"column":63}},"23":{"start":{"line":54,"column":17},"end":{"line":54,"column":66}},"24":{"start":{"line":55,"column":21},"end":{"line":55,"column":132}},"25":{"start":{"line":56,"column":24},"end":{"line":56,"column":84}},"26":{"start":{"line":57,"column":27},"end":{"line":57,"column":115}},"27":{"start":{"line":59,"column":21},"end":{"line":61,"column":31}},"28":{"start":{"line":62,"column":18},"end":{"line":62,"column":30}},"29":{"start":{"line":64,"column":38},"end":{"line":64,"column":40}},"30":{"start":{"line":65,"column":45},"end":{"line":65,"column":47}},"31":{"start":{"line":67,"column":4},"end":{"line":71,"column":5}},"32":{"start":{"line":68,"column":6},"end":{"line":68,"column":60}},"33":{"start":{"line":69,"column":25},"end":{"line":69,"column":45}},"34":{"start":{"line":70,"column":6},"end":{"line":70,"column":47}},"35":{"start":{"line":73,"column":4},"end":{"line":80,"column":5}},"36":{"start":{"line":74,"column":23},"end":{"line":74,"column":102}},"37":{"start":{"line":74,"column":60},"end":{"line":74,"column":101}},"38":{"start":{"line":75,"column":6},"end":{"line":79,"column":7}},"39":{"start":{"line":76,"column":29},"end":{"line":76,"column":62}},"40":{"start":{"line":76,"column":48},"end":{"line":76,"column":51}},"41":{"start":{"line":77,"column":8},"end":{"line":77,"column":60}},"42":{"start":{"line":78,"column":8},"end":{"line":78,"column":38}},"43":{"start":{"line":82,"column":4},"end":{"line":85,"column":5}},"44":{"start":{"line":83,"column":6},"end":{"line":83,"column":46}},"45":{"start":{"line":84,"column":6},"end":{"line":84,"column":46}},"46":{"start":{"line":87,"column":4},"end":{"line":90,"column":5}},"47":{"start":{"line":88,"column":6},"end":{"line":88,"column":46}},"48":{"start":{"line":89,"column":6},"end":{"line":89,"column":58}},"49":{"start":{"line":92,"column":4},"end":{"line":95,"column":5}},"50":{"start":{"line":93,"column":6},"end":{"line":93,"column":43}},"51":{"start":{"line":94,"column":6},"end":{"line":94,"column":49}},"52":{"start":{"line":97,"column":24},"end":{"line":97,"column":98}},"53":{"start":{"line":100,"column":24},"end":{"line":100,"column":29}},"54":{"start":{"line":102,"column":4},"end":{"line":115,"column":5}},"55":{"start":{"line":103,"column":28},"end":{"line":105,"column":47}},"56":{"start":{"line":106,"column":6},"end":{"line":106,"column":40}},"57":{"start":{"line":108,"column":21},"end":{"line":108,"column":42}},"58":{"start":{"line":109,"column":18},"end":{"line":109,"column":113}},"59":{"start":{"line":110,"column":6},"end":{"line":110,"column":89}},"60":{"start":{"line":112,"column":21},"end":{"line":112,"column":42}},"61":{"start":{"line":113,"column":18},"end":{"line":113,"column":98}},"62":{"start":{"line":114,"column":6},"end":{"line":114,"column":73}},"63":{"start":{"line":117,"column":4},"end":{"line":120,"column":8}},"64":{"start":{"line":117,"column":33},"end":{"line":120,"column":6}},"65":{"start":{"line":122,"column":42},"end":{"line":127,"column":6}},"66":{"start":{"line":129,"column":4},"end":{"line":129,"column":23}},"67":{"start":{"line":131,"column":4},"end":{"line":131,"column":14}},"68":{"start":{"line":137,"column":0},"end":{"line":313,"column":3}},"69":{"start":{"line":138,"column":2},"end":{"line":312,"column":3}},"70":{"start":{"line":139,"column":15},"end":{"line":139,"column":22}},"71":{"start":{"line":140,"column":28},"end":{"line":140,"column":82}},"72":{"start":{"line":142,"column":4},"end":{"line":144,"column":5}},"73":{"start":{"line":143,"column":6},"end":{"line":143,"column":41}},"74":{"start":{"line":146,"column":4},"end":{"line":148,"column":5}},"75":{"start":{"line":147,"column":6},"end":{"line":147,"column":43}},"76":{"start":{"line":150,"column":27},"end":{"line":150,"column":78}},"77":{"start":{"line":151,"column":20},"end":{"line":151,"column":65}},"78":{"start":{"line":152,"column":4},"end":{"line":154,"column":5}},"79":{"start":{"line":153,"column":6},"end":{"line":153,"column":42}},"80":{"start":{"line":156,"column":22},"end":{"line":156,"column":86}},"81":{"start":{"line":156,"column":38},"end":{"line":156,"column":58}},"82":{"start":{"line":156,"column":75},"end":{"line":156,"column":85}},"83":{"start":{"line":157,"column":32},"end":{"line":157,"column":34}},"84":{"start":{"line":158,"column":17},"end":{"line":158,"column":34}},"85":{"start":{"line":159,"column":4},"end":{"line":164,"column":5}},"86":{"start":{"line":160,"column":6},"end":{"line":163,"column":7}},"87":{"start":{"line":161,"column":8},"end":{"line":161,"column":21}},"88":{"start":{"line":162,"column":8},"end":{"line":162,"column":27}},"89":{"start":{"line":165,"column":4},"end":{"line":167,"column":5}},"90":{"start":{"line":166,"column":6},"end":{"line":166,"column":43}},"91":{"start":{"line":169,"column":33},"end":{"line":169,"column":35}},"92":{"start":{"line":170,"column":58},"end":{"line":170,"column":60}},"93":{"start":{"line":171,"column":51},"end":{"line":171,"column":53}},"94":{"start":{"line":173,"column":4},"end":{"line":180,"column":5}},"95":{"start":{"line":174,"column":27},"end":{"line":176,"column":47}},"96":{"start":{"line":177,"column":6},"end":{"line":179,"column":7}},"97":{"start":{"line":178,"column":8},"end":{"line":178,"column":46}},"98":{"start":{"line":182,"column":4},"end":{"line":182,"column":33}},"99":{"start":{"line":183,"column":4},"end":{"line":254,"column":5}},"100":{"start":{"line":184,"column":6},"end":{"line":244,"column":7}},"101":{"start":{"line":185,"column":32},"end":{"line":185,"column":86}},"102":{"start":{"line":186,"column":27},"end":{"line":186,"column":71}},"103":{"start":{"line":188,"column":8},"end":{"line":212,"column":9}},"104":{"start":{"line":189,"column":10},"end":{"line":211,"column":11}},"105":{"start":{"line":190,"column":33},"end":{"line":192,"column":53}},"106":{"start":{"line":194,"column":12},"end":{"line":197,"column":13}},"107":{"start":{"line":195,"column":14},"end":{"line":195,"column":56}},"108":{"start":{"line":196,"column":14},"end":{"line":196,"column":23}},"109":{"start":{"line":199,"column":12},"end":{"line":199,"column":36}},"110":{"start":{"line":200,"column":27},"end":{"line":200,"column":45}},"111":{"start":{"line":201,"column":12},"end":{"line":205,"column":13}},"112":{"start":{"line":202,"column":14},"end":{"line":202,"column":34}},"113":{"start":{"line":204,"column":14},"end":{"line":204,"column":55}},"114":{"start":{"line":207,"column":12},"end":{"line":210,"column":15}},"115":{"start":{"line":214,"column":29},"end":{"line":214,"column":72}},"116":{"start":{"line":215,"column":28},"end":{"line":215,"column":61}},"117":{"start":{"line":216,"column":27},"end":{"line":217,"column":null}},"118":{"start":{"line":220,"column":8},"end":{"line":243,"column":9}},"119":{"start":{"line":221,"column":10},"end":{"line":242,"column":11}},"120":{"start":{"line":222,"column":33},"end":{"line":224,"column":53}},"121":{"start":{"line":226,"column":12},"end":{"line":229,"column":13}},"122":{"start":{"line":227,"column":14},"end":{"line":227,"column":56}},"123":{"start":{"line":228,"column":14},"end":{"line":228,"column":23}},"124":{"start":{"line":231,"column":27},"end":{"line":231,"column":45}},"125":{"start":{"line":232,"column":12},"end":{"line":236,"column":13}},"126":{"start":{"line":233,"column":14},"end":{"line":233,"column":34}},"127":{"start":{"line":235,"column":14},"end":{"line":235,"column":67}},"128":{"start":{"line":238,"column":12},"end":{"line":241,"column":15}},"129":{"start":{"line":246,"column":6},"end":{"line":250,"column":7}},"130":{"start":{"line":247,"column":8},"end":{"line":247,"column":28}},"131":{"start":{"line":249,"column":8},"end":{"line":249,"column":26}},"132":{"start":{"line":252,"column":6},"end":{"line":252,"column":26}},"133":{"start":{"line":253,"column":6},"end":{"line":253,"column":16}},"134":{"start":{"line":256,"column":41},"end":{"line":262,"column":6}},"135":{"start":{"line":260,"column":38},"end":{"line":260,"column":42}},"136":{"start":{"line":264,"column":4},"end":{"line":300,"column":5}},"137":{"start":{"line":265,"column":6},"end":{"line":297,"column":7}},"138":{"start":{"line":266,"column":97},"end":{"line":270,"column":10}},"139":{"start":{"line":271,"column":23},"end":{"line":271,"column":40}},"140":{"start":{"line":273,"column":43},"end":{"line":287,"column":10}},"141":{"start":{"line":289,"column":8},"end":{"line":296,"column":10}},"142":{"start":{"line":299,"column":6},"end":{"line":299,"column":43}},"143":{"start":{"line":302,"column":24},"end":{"line":302,"column":86}},"144":{"start":{"line":303,"column":56},"end":{"line":307,"column":6}},"145":{"start":{"line":309,"column":4},"end":{"line":309,"column":23}},"146":{"start":{"line":311,"column":4},"end":{"line":311,"column":14}},"147":{"start":{"line":315,"column":0},"end":{"line":342,"column":3}},"148":{"start":{"line":316,"column":2},"end":{"line":341,"column":3}},"149":{"start":{"line":317,"column":15},"end":{"line":317,"column":22}},"150":{"start":{"line":318,"column":15},"end":{"line":318,"column":38}},"151":{"start":{"line":319,"column":4},"end":{"line":321,"column":5}},"152":{"start":{"line":320,"column":6},"end":{"line":320,"column":41}},"153":{"start":{"line":323,"column":17},"end":{"line":325,"column":33}},"154":{"start":{"line":327,"column":4},"end":{"line":329,"column":5}},"155":{"start":{"line":328,"column":6},"end":{"line":328,"column":39}},"156":{"start":{"line":331,"column":4},"end":{"line":331,"column":38}},"157":{"start":{"line":333,"column":40},"end":{"line":336,"column":6}},"158":{"start":{"line":338,"column":4},"end":{"line":338,"column":23}},"159":{"start":{"line":340,"column":4},"end":{"line":340,"column":14}},"160":{"start":{"line":344,"column":32},"end":{"line":356,"column":1}},"161":{"start":{"line":345,"column":2},"end":{"line":355,"column":3}},"162":{"start":{"line":346,"column":19},"end":{"line":346,"column":null}},"163":{"start":{"line":350,"column":4},"end":{"line":350,"column":66}},"164":{"start":{"line":350,"column":54},"end":{"line":350,"column":66}},"165":{"start":{"line":351,"column":4},"end":{"line":351,"column":64}},"166":{"start":{"line":351,"column":52},"end":{"line":351,"column":64}},"167":{"start":{"line":352,"column":4},"end":{"line":352,"column":17}},"168":{"start":{"line":354,"column":4},"end":{"line":354,"column":17}},"169":{"start":{"line":358,"column":0},"end":{"line":403,"column":3}},"170":{"start":{"line":359,"column":2},"end":{"line":402,"column":3}},"171":{"start":{"line":360,"column":15},"end":{"line":360,"column":22}},"172":{"start":{"line":361,"column":15},"end":{"line":361,"column":38}},"173":{"start":{"line":362,"column":4},"end":{"line":364,"column":5}},"174":{"start":{"line":363,"column":6},"end":{"line":363,"column":41}},"175":{"start":{"line":366,"column":17},"end":{"line":368,"column":33}},"176":{"start":{"line":370,"column":4},"end":{"line":372,"column":5}},"177":{"start":{"line":371,"column":6},"end":{"line":371,"column":39}},"178":{"start":{"line":374,"column":4},"end":{"line":374,"column":38}},"179":{"start":{"line":376,"column":26},"end":{"line":383,"column":41}},"180":{"start":{"line":385,"column":17},"end":{"line":387,"column":19}},"181":{"start":{"line":386,"column":23},"end":{"line":386,"column":62}},"182":{"start":{"line":389,"column":31},"end":{"line":392,"column":6}},"183":{"start":{"line":394,"column":46},"end":{"line":397,"column":6}},"184":{"start":{"line":399,"column":4},"end":{"line":399,"column":23}},"185":{"start":{"line":401,"column":4},"end":{"line":401,"column":14}},"186":{"start":{"line":405,"column":0},"end":{"line":473,"column":3}},"187":{"start":{"line":407,"column":2},"end":{"line":472,"column":3}},"188":{"start":{"line":408,"column":15},"end":{"line":408,"column":22}},"189":{"start":{"line":409,"column":53},"end":{"line":409,"column":75}},"190":{"start":{"line":411,"column":4},"end":{"line":413,"column":5}},"191":{"start":{"line":412,"column":6},"end":{"line":412,"column":40}},"192":{"start":{"line":414,"column":4},"end":{"line":416,"column":5}},"193":{"start":{"line":415,"column":6},"end":{"line":415,"column":40}},"194":{"start":{"line":417,"column":4},"end":{"line":419,"column":5}},"195":{"start":{"line":418,"column":6},"end":{"line":418,"column":41}},"196":{"start":{"line":420,"column":4},"end":{"line":422,"column":5}},"197":{"start":{"line":421,"column":6},"end":{"line":421,"column":42}},"198":{"start":{"line":423,"column":4},"end":{"line":425,"column":5}},"199":{"start":{"line":424,"column":6},"end":{"line":424,"column":40}},"200":{"start":{"line":427,"column":4},"end":{"line":427,"column":33}},"201":{"start":{"line":428,"column":4},"end":{"line":469,"column":5}},"202":{"start":{"line":429,"column":21},"end":{"line":438,"column":null}},"203":{"start":{"line":441,"column":21},"end":{"line":441,"column":53}},"204":{"start":{"line":443,"column":6},"end":{"line":450,"column":7}},"205":{"start":{"line":444,"column":27},"end":{"line":445,"column":null}},"206":{"start":{"line":447,"column":8},"end":{"line":449,"column":9}},"207":{"start":{"line":448,"column":10},"end":{"line":448,"column":41}},"208":{"start":{"line":452,"column":6},"end":{"line":452,"column":24}},"209":{"start":{"line":454,"column":19},"end":{"line":456,"column":39}},"210":{"start":{"line":457,"column":6},"end":{"line":457,"column":44}},"211":{"start":{"line":459,"column":42},"end":{"line":463,"column":8}},"212":{"start":{"line":465,"column":6},"end":{"line":465,"column":37}},"213":{"start":{"line":467,"column":6},"end":{"line":467,"column":26}},"214":{"start":{"line":468,"column":6},"end":{"line":468,"column":16}},"215":{"start":{"line":471,"column":4},"end":{"line":471,"column":14}},"216":{"start":{"line":475,"column":0},"end":{"line":573,"column":3}},"217":{"start":{"line":477,"column":2},"end":{"line":572,"column":3}},"218":{"start":{"line":478,"column":15},"end":{"line":478,"column":22}},"219":{"start":{"line":479,"column":15},"end":{"line":479,"column":38}},"220":{"start":{"line":480,"column":4},"end":{"line":482,"column":5}},"221":{"start":{"line":481,"column":6},"end":{"line":481,"column":41}},"222":{"start":{"line":484,"column":25},"end":{"line":486,"column":33}},"223":{"start":{"line":488,"column":4},"end":{"line":490,"column":5}},"224":{"start":{"line":489,"column":6},"end":{"line":489,"column":39}},"225":{"start":{"line":492,"column":53},"end":{"line":492,"column":75}},"226":{"start":{"line":494,"column":4},"end":{"line":496,"column":5}},"227":{"start":{"line":495,"column":6},"end":{"line":495,"column":40}},"228":{"start":{"line":497,"column":4},"end":{"line":499,"column":5}},"229":{"start":{"line":498,"column":6},"end":{"line":498,"column":41}},"230":{"start":{"line":500,"column":4},"end":{"line":502,"column":5}},"231":{"start":{"line":501,"column":6},"end":{"line":501,"column":42}},"232":{"start":{"line":503,"column":4},"end":{"line":505,"column":5}},"233":{"start":{"line":504,"column":6},"end":{"line":504,"column":40}},"234":{"start":{"line":507,"column":4},"end":{"line":507,"column":33}},"235":{"start":{"line":508,"column":4},"end":{"line":556,"column":5}},"236":{"start":{"line":509,"column":37},"end":{"line":509,"column":39}},"237":{"start":{"line":510,"column":38},"end":{"line":510,"column":40}},"238":{"start":{"line":512,"column":6},"end":{"line":515,"column":7}},"239":{"start":{"line":513,"column":8},"end":{"line":513,"column":38}},"240":{"start":{"line":514,"column":8},"end":{"line":514,"column":39}},"241":{"start":{"line":516,"column":6},"end":{"line":519,"column":7}},"242":{"start":{"line":517,"column":8},"end":{"line":517,"column":39}},"243":{"start":{"line":518,"column":8},"end":{"line":518,"column":40}},"244":{"start":{"line":520,"column":6},"end":{"line":523,"column":7}},"245":{"start":{"line":521,"column":8},"end":{"line":521,"column":39}},"246":{"start":{"line":522,"column":8},"end":{"line":522,"column":39}},"247":{"start":{"line":524,"column":6},"end":{"line":527,"column":7}},"248":{"start":{"line":525,"column":8},"end":{"line":525,"column":40}},"249":{"start":{"line":526,"column":8},"end":{"line":526,"column":67}},"250":{"start":{"line":528,"column":6},"end":{"line":531,"column":7}},"251":{"start":{"line":529,"column":8},"end":{"line":529,"column":40}},"252":{"start":{"line":530,"column":8},"end":{"line":530,"column":34}},"253":{"start":{"line":533,"column":6},"end":{"line":538,"column":7}},"254":{"start":{"line":534,"column":8},"end":{"line":534,"column":60}},"255":{"start":{"line":535,"column":8},"end":{"line":535,"column":30}},"256":{"start":{"line":536,"column":20},"end":{"line":536,"column":78}},"257":{"start":{"line":537,"column":8},"end":{"line":537,"column":62}},"258":{"start":{"line":540,"column":6},"end":{"line":550,"column":7}},"259":{"start":{"line":541,"column":8},"end":{"line":541,"column":71}},"260":{"start":{"line":542,"column":8},"end":{"line":549,"column":9}},"261":{"start":{"line":543,"column":29},"end":{"line":544,"column":null}},"262":{"start":{"line":546,"column":10},"end":{"line":548,"column":11}},"263":{"start":{"line":547,"column":12},"end":{"line":547,"column":39}},"264":{"start":{"line":552,"column":6},"end":{"line":552,"column":24}},"265":{"start":{"line":554,"column":6},"end":{"line":554,"column":26}},"266":{"start":{"line":555,"column":6},"end":{"line":555,"column":16}},"267":{"start":{"line":558,"column":24},"end":{"line":560,"column":33}},"268":{"start":{"line":561,"column":4},"end":{"line":561,"column":45}},"269":{"start":{"line":563,"column":40},"end":{"line":567,"column":6}},"270":{"start":{"line":569,"column":4},"end":{"line":569,"column":23}},"271":{"start":{"line":571,"column":4},"end":{"line":571,"column":14}},"272":{"start":{"line":575,"column":0},"end":{"line":606,"column":3}},"273":{"start":{"line":576,"column":2},"end":{"line":605,"column":3}},"274":{"start":{"line":577,"column":15},"end":{"line":577,"column":22}},"275":{"start":{"line":578,"column":15},"end":{"line":578,"column":38}},"276":{"start":{"line":579,"column":4},"end":{"line":581,"column":5}},"277":{"start":{"line":580,"column":6},"end":{"line":580,"column":41}},"278":{"start":{"line":583,"column":25},"end":{"line":585,"column":33}},"279":{"start":{"line":587,"column":4},"end":{"line":589,"column":5}},"280":{"start":{"line":588,"column":6},"end":{"line":588,"column":39}},"281":{"start":{"line":591,"column":18},"end":{"line":591,"column":38}},"282":{"start":{"line":592,"column":20},"end":{"line":592,"column":42}},"283":{"start":{"line":592,"column":37},"end":{"line":592,"column":41}},"284":{"start":{"line":594,"column":73},"end":{"line":600,"column":6}},"285":{"start":{"line":602,"column":4},"end":{"line":602,"column":23}},"286":{"start":{"line":604,"column":4},"end":{"line":604,"column":14}},"287":{"start":{"line":608,"column":0},"end":{"line":657,"column":3}},"288":{"start":{"line":610,"column":2},"end":{"line":656,"column":3}},"289":{"start":{"line":611,"column":15},"end":{"line":611,"column":22}},"290":{"start":{"line":612,"column":15},"end":{"line":612,"column":38}},"291":{"start":{"line":613,"column":4},"end":{"line":615,"column":5}},"292":{"start":{"line":614,"column":6},"end":{"line":614,"column":41}},"293":{"start":{"line":617,"column":25},"end":{"line":619,"column":33}},"294":{"start":{"line":621,"column":4},"end":{"line":623,"column":5}},"295":{"start":{"line":622,"column":6},"end":{"line":622,"column":39}},"296":{"start":{"line":625,"column":25},"end":{"line":625,"column":59}},"297":{"start":{"line":627,"column":4},"end":{"line":629,"column":5}},"298":{"start":{"line":628,"column":6},"end":{"line":628,"column":45}},"299":{"start":{"line":631,"column":4},"end":{"line":631,"column":33}},"300":{"start":{"line":632,"column":4},"end":{"line":646,"column":5}},"301":{"start":{"line":633,"column":6},"end":{"line":633,"column":69}},"302":{"start":{"line":634,"column":6},"end":{"line":641,"column":7}},"303":{"start":{"line":635,"column":27},"end":{"line":636,"column":null}},"304":{"start":{"line":638,"column":8},"end":{"line":640,"column":9}},"305":{"start":{"line":639,"column":10},"end":{"line":639,"column":37}},"306":{"start":{"line":642,"column":6},"end":{"line":642,"column":24}},"307":{"start":{"line":644,"column":6},"end":{"line":644,"column":26}},"308":{"start":{"line":645,"column":6},"end":{"line":645,"column":16}},"309":{"start":{"line":648,"column":34},"end":{"line":651,"column":6}},"310":{"start":{"line":653,"column":4},"end":{"line":653,"column":23}},"311":{"start":{"line":655,"column":4},"end":{"line":655,"column":14}},"312":{"start":{"line":659,"column":0},"end":{"line":695,"column":3}},"313":{"start":{"line":661,"column":2},"end":{"line":694,"column":3}},"314":{"start":{"line":662,"column":15},"end":{"line":662,"column":22}},"315":{"start":{"line":663,"column":15},"end":{"line":663,"column":38}},"316":{"start":{"line":664,"column":4},"end":{"line":666,"column":5}},"317":{"start":{"line":665,"column":6},"end":{"line":665,"column":41}},"318":{"start":{"line":668,"column":25},"end":{"line":670,"column":33}},"319":{"start":{"line":672,"column":4},"end":{"line":674,"column":5}},"320":{"start":{"line":673,"column":6},"end":{"line":673,"column":39}},"321":{"start":{"line":676,"column":4},"end":{"line":676,"column":33}},"322":{"start":{"line":677,"column":4},"end":{"line":684,"column":5}},"323":{"start":{"line":678,"column":6},"end":{"line":678,"column":69}},"324":{"start":{"line":679,"column":6},"end":{"line":679,"column":59}},"325":{"start":{"line":680,"column":6},"end":{"line":680,"column":24}},"326":{"start":{"line":682,"column":6},"end":{"line":682,"column":26}},"327":{"start":{"line":683,"column":6},"end":{"line":683,"column":16}},"328":{"start":{"line":686,"column":34},"end":{"line":689,"column":6}},"329":{"start":{"line":691,"column":4},"end":{"line":691,"column":23}},"330":{"start":{"line":693,"column":4},"end":{"line":693,"column":14}},"331":{"start":{"line":706,"column":24},"end":{"line":718,"column":1}},"332":{"start":{"line":707,"column":19},"end":{"line":707,"column":42}},"333":{"start":{"line":708,"column":20},"end":{"line":708,"column":42}},"334":{"start":{"line":709,"column":20},"end":{"line":709,"column":46}},"335":{"start":{"line":710,"column":19},"end":{"line":710,"column":84}},"336":{"start":{"line":712,"column":2},"end":{"line":717,"column":6}},"337":{"start":{"line":712,"column":42},"end":{"line":717,"column":4}},"338":{"start":{"line":720,"column":26},"end":{"line":737,"column":1}},"339":{"start":{"line":721,"column":2},"end":{"line":723,"column":3}},"340":{"start":{"line":722,"column":4},"end":{"line":722,"column":61}},"341":{"start":{"line":724,"column":2},"end":{"line":726,"column":3}},"342":{"start":{"line":725,"column":4},"end":{"line":725,"column":61}},"343":{"start":{"line":727,"column":2},"end":{"line":729,"column":3}},"344":{"start":{"line":728,"column":4},"end":{"line":728,"column":62}},"345":{"start":{"line":730,"column":2},"end":{"line":732,"column":3}},"346":{"start":{"line":731,"column":4},"end":{"line":731,"column":63}},"347":{"start":{"line":733,"column":2},"end":{"line":735,"column":3}},"348":{"start":{"line":734,"column":4},"end":{"line":734,"column":79}},"349":{"start":{"line":736,"column":2},"end":{"line":736,"column":25}},"350":{"start":{"line":743,"column":0},"end":{"line":873,"column":3}},"351":{"start":{"line":746,"column":2},"end":{"line":872,"column":3}},"352":{"start":{"line":747,"column":15},"end":{"line":747,"column":22}},"353":{"start":{"line":748,"column":17},"end":{"line":748,"column":25}},"354":{"start":{"line":749,"column":4},"end":{"line":751,"column":5}},"355":{"start":{"line":750,"column":6},"end":{"line":750,"column":43}},"356":{"start":{"line":753,"column":4},"end":{"line":755,"column":5}},"357":{"start":{"line":754,"column":6},"end":{"line":754,"column":42}},"358":{"start":{"line":757,"column":21},"end":{"line":759,"column":66}},"359":{"start":{"line":761,"column":28},"end":{"line":761,"column":30}},"360":{"start":{"line":762,"column":21},"end":{"line":762,"column":30}},"361":{"start":{"line":763,"column":4},"end":{"line":768,"column":5}},"362":{"start":{"line":764,"column":6},"end":{"line":764,"column":39}},"363":{"start":{"line":766,"column":6},"end":{"line":766,"column":30}},"364":{"start":{"line":767,"column":6},"end":{"line":767,"column":48}},"365":{"start":{"line":770,"column":4},"end":{"line":773,"column":5}},"366":{"start":{"line":771,"column":6},"end":{"line":771,"column":30}},"367":{"start":{"line":772,"column":6},"end":{"line":772,"column":40}},"368":{"start":{"line":775,"column":59},"end":{"line":775,"column":61}},"369":{"start":{"line":776,"column":61},"end":{"line":776,"column":63}},"370":{"start":{"line":778,"column":4},"end":{"line":785,"column":7}},"371":{"start":{"line":779,"column":25},"end":{"line":779,"column":54}},"372":{"start":{"line":780,"column":6},"end":{"line":784,"column":7}},"373":{"start":{"line":781,"column":8},"end":{"line":781,"column":72}},"374":{"start":{"line":783,"column":8},"end":{"line":783,"column":53}},"375":{"start":{"line":787,"column":23},"end":{"line":788,"column":null}},"376":{"start":{"line":791,"column":23},"end":{"line":791,"column":24}},"377":{"start":{"line":792,"column":28},"end":{"line":792,"column":44}},"378":{"start":{"line":794,"column":4},"end":{"line":794,"column":33}},"379":{"start":{"line":795,"column":4},"end":{"line":824,"column":5}},"380":{"start":{"line":796,"column":6},"end":{"line":818,"column":7}},"381":{"start":{"line":797,"column":8},"end":{"line":817,"column":9}},"382":{"start":{"line":798,"column":25},"end":{"line":802,"column":null}},"383":{"start":{"line":804,"column":10},"end":{"line":811,"column":11}},"384":{"start":{"line":805,"column":12},"end":{"line":805,"column":27}},"385":{"start":{"line":807,"column":12},"end":{"line":810,"column":15}},"386":{"start":{"line":813,"column":10},"end":{"line":816,"column":13}},"387":{"start":{"line":819,"column":6},"end":{"line":819,"column":24}},"388":{"start":{"line":821,"column":6},"end":{"line":821,"column":26}},"389":{"start":{"line":822,"column":6},"end":{"line":822,"column":30}},"390":{"start":{"line":823,"column":6},"end":{"line":823,"column":16}},"391":{"start":{"line":826,"column":4},"end":{"line":830,"column":5}},"392":{"start":{"line":827,"column":6},"end":{"line":827,"column":30}},"393":{"start":{"line":832,"column":39},"end":{"line":837,"column":6}},"394":{"start":{"line":839,"column":4},"end":{"line":861,"column":5}},"395":{"start":{"line":840,"column":6},"end":{"line":858,"column":10}},"396":{"start":{"line":860,"column":6},"end":{"line":860,"column":41}},"397":{"start":{"line":863,"column":48},"end":{"line":867,"column":6}},"398":{"start":{"line":869,"column":4},"end":{"line":869,"column":23}},"399":{"start":{"line":871,"column":4},"end":{"line":871,"column":14}},"400":{"start":{"line":875,"column":0},"end":{"line":986,"column":3}},"401":{"start":{"line":877,"column":2},"end":{"line":985,"column":3}},"402":{"start":{"line":878,"column":15},"end":{"line":878,"column":22}},"403":{"start":{"line":879,"column":86},"end":{"line":879,"column":null}},"404":{"start":{"line":888,"column":24},"end":{"line":888,"column":26}},"405":{"start":{"line":890,"column":4},"end":{"line":940,"column":5}},"406":{"start":{"line":891,"column":27},"end":{"line":891,"column":55}},"407":{"start":{"line":891,"column":41},"end":{"line":891,"column":44}},"408":{"start":{"line":892,"column":6},"end":{"line":894,"column":42}},"409":{"start":{"line":896,"column":40},"end":{"line":896,"column":42}},"410":{"start":{"line":897,"column":47},"end":{"line":897,"column":49}},"411":{"start":{"line":899,"column":6},"end":{"line":903,"column":7}},"412":{"start":{"line":900,"column":8},"end":{"line":900,"column":62}},"413":{"start":{"line":901,"column":27},"end":{"line":901,"column":47}},"414":{"start":{"line":902,"column":8},"end":{"line":902,"column":49}},"415":{"start":{"line":905,"column":6},"end":{"line":912,"column":7}},"416":{"start":{"line":906,"column":30},"end":{"line":906,"column":86}},"417":{"start":{"line":906,"column":51},"end":{"line":906,"column":85}},"418":{"start":{"line":907,"column":8},"end":{"line":911,"column":9}},"419":{"start":{"line":908,"column":31},"end":{"line":908,"column":69}},"420":{"start":{"line":908,"column":55},"end":{"line":908,"column":58}},"421":{"start":{"line":909,"column":10},"end":{"line":909,"column":62}},"422":{"start":{"line":910,"column":10},"end":{"line":910,"column":45}},"423":{"start":{"line":914,"column":6},"end":{"line":917,"column":7}},"424":{"start":{"line":915,"column":8},"end":{"line":915,"column":48}},"425":{"start":{"line":916,"column":8},"end":{"line":916,"column":50}},"426":{"start":{"line":919,"column":6},"end":{"line":922,"column":7}},"427":{"start":{"line":920,"column":8},"end":{"line":920,"column":48}},"428":{"start":{"line":921,"column":8},"end":{"line":921,"column":62}},"429":{"start":{"line":924,"column":6},"end":{"line":927,"column":7}},"430":{"start":{"line":925,"column":8},"end":{"line":925,"column":45}},"431":{"start":{"line":926,"column":8},"end":{"line":926,"column":52}},"432":{"start":{"line":929,"column":26},"end":{"line":929,"column":100}},"433":{"start":{"line":931,"column":6},"end":{"line":939,"column":7}},"434":{"start":{"line":932,"column":8},"end":{"line":934,"column":52}},"435":{"start":{"line":936,"column":8},"end":{"line":938,"column":38}},"436":{"start":{"line":942,"column":23},"end":{"line":949,"column":7}},"437":{"start":{"line":942,"column":44},"end":{"line":949,"column":6}},"438":{"start":{"line":951,"column":22},"end":{"line":951,"column":58}},"439":{"start":{"line":952,"column":4},"end":{"line":959,"column":6}},"440":{"start":{"line":961,"column":21},"end":{"line":961,"column":42}},"441":{"start":{"line":962,"column":4},"end":{"line":962,"column":62}},"442":{"start":{"line":964,"column":22},"end":{"line":964,"column":32}},"443":{"start":{"line":965,"column":21},"end":{"line":965,"column":53}},"444":{"start":{"line":966,"column":21},"end":{"line":966,"column":52}},"445":{"start":{"line":968,"column":4},"end":{"line":968,"column":39}},"446":{"start":{"line":970,"column":24},"end":{"line":970,"column":50}},"447":{"start":{"line":972,"column":92},"end":{"line":980,"column":6}},"448":{"start":{"line":982,"column":4},"end":{"line":982,"column":23}},"449":{"start":{"line":984,"column":4},"end":{"line":984,"column":14}},"450":{"start":{"line":988,"column":0},"end":{"line":1038,"column":3}},"451":{"start":{"line":990,"column":2},"end":{"line":1037,"column":3}},"452":{"start":{"line":991,"column":25},"end":{"line":1004,"column":6}},"453":{"start":{"line":1006,"column":22},"end":{"line":1006,"column":60}},"454":{"start":{"line":1007,"column":4},"end":{"line":1012,"column":6}},"455":{"start":{"line":1014,"column":21},"end":{"line":1014,"column":42}},"456":{"start":{"line":1015,"column":4},"end":{"line":1015,"column":62}},"457":{"start":{"line":1017,"column":22},"end":{"line":1017,"column":32}},"458":{"start":{"line":1018,"column":21},"end":{"line":1018,"column":62}},"459":{"start":{"line":1019,"column":21},"end":{"line":1019,"column":52}},"460":{"start":{"line":1021,"column":4},"end":{"line":1021,"column":39}},"461":{"start":{"line":1023,"column":24},"end":{"line":1023,"column":50}},"462":{"start":{"line":1025,"column":77},"end":{"line":1032,"column":6}},"463":{"start":{"line":1034,"column":4},"end":{"line":1034,"column":23}},"464":{"start":{"line":1036,"column":4},"end":{"line":1036,"column":14}},"465":{"start":{"line":1040,"column":0},"end":{"line":1061,"column":3}},"466":{"start":{"line":1042,"column":2},"end":{"line":1060,"column":3}},"467":{"start":{"line":1043,"column":15},"end":{"line":1043,"column":22}},"468":{"start":{"line":1045,"column":20},"end":{"line":1049,"column":42}},"469":{"start":{"line":1051,"column":51},"end":{"line":1055,"column":6}},"470":{"start":{"line":1057,"column":4},"end":{"line":1057,"column":23}},"471":{"start":{"line":1059,"column":4},"end":{"line":1059,"column":14}},"472":{"start":{"line":1067,"column":0},"end":{"line":1114,"column":3}},"473":{"start":{"line":1070,"column":2},"end":{"line":1113,"column":3}},"474":{"start":{"line":1071,"column":15},"end":{"line":1071,"column":22}},"475":{"start":{"line":1072,"column":15},"end":{"line":1072,"column":38}},"476":{"start":{"line":1073,"column":4},"end":{"line":1075,"column":5}},"477":{"start":{"line":1074,"column":6},"end":{"line":1074,"column":41}},"478":{"start":{"line":1077,"column":25},"end":{"line":1079,"column":33}},"479":{"start":{"line":1081,"column":4},"end":{"line":1083,"column":5}},"480":{"start":{"line":1082,"column":6},"end":{"line":1082,"column":39}},"481":{"start":{"line":1085,"column":17},"end":{"line":1085,"column":25}},"482":{"start":{"line":1086,"column":4},"end":{"line":1088,"column":5}},"483":{"start":{"line":1087,"column":6},"end":{"line":1087,"column":45}},"484":{"start":{"line":1090,"column":22},"end":{"line":1090,"column":53}},"485":{"start":{"line":1092,"column":4},"end":{"line":1094,"column":26}},"486":{"start":{"line":1096,"column":24},"end":{"line":1098,"column":33}},"487":{"start":{"line":1099,"column":4},"end":{"line":1099,"column":45}},"488":{"start":{"line":1101,"column":69},"end":{"line":1108,"column":6}},"489":{"start":{"line":1110,"column":4},"end":{"line":1110,"column":23}},"490":{"start":{"line":1112,"column":4},"end":{"line":1112,"column":14}}},"fnMap":{"0":{"name":"(anonymous_0)","decl":{"start":{"line":15,"column":22},"end":{"line":15,"column":23}},"loc":{"start":{"line":15,"column":49},"end":{"line":18,"column":1}}},"1":{"name":"(anonymous_1)","decl":{"start":{"line":20,"column":22},"end":{"line":20,"column":23}},"loc":{"start":{"line":20,"column":49},"end":{"line":23,"column":1}}},"2":{"name":"(anonymous_2)","decl":{"start":{"line":25,"column":21},"end":{"line":25,"column":22}},"loc":{"start":{"line":25,"column":66},"end":{"line":34,"column":1}}},"3":{"name":"(anonymous_3)","decl":{"start":{"line":39,"column":61},"end":{"line":39,"column":62}},"loc":{"start":{"line":39,"column":117},"end":{"line":133,"column":1}}},"4":{"name":"(anonymous_4)","decl":{"start":{"line":74,"column":55},"end":{"line":74,"column":56}},"loc":{"start":{"line":74,"column":60},"end":{"line":74,"column":101}}},"5":{"name":"(anonymous_5)","decl":{"start":{"line":76,"column":42},"end":{"line":76,"column":45}},"loc":{"start":{"line":76,"column":48},"end":{"line":76,"column":51}}},"6":{"name":"(anonymous_6)","decl":{"start":{"line":117,"column":22},"end":{"line":117,"column":23}},"loc":{"start":{"line":117,"column":33},"end":{"line":120,"column":6}}},"7":{"name":"(anonymous_7)","decl":{"start":{"line":137,"column":35},"end":{"line":137,"column":36}},"loc":{"start":{"line":137,"column":91},"end":{"line":313,"column":1}}},"8":{"name":"(anonymous_8)","decl":{"start":{"line":156,"column":30},"end":{"line":156,"column":31}},"loc":{"start":{"line":156,"column":38},"end":{"line":156,"column":58}}},"9":{"name":"(anonymous_9)","decl":{"start":{"line":156,"column":67},"end":{"line":156,"column":68}},"loc":{"start":{"line":156,"column":75},"end":{"line":156,"column":85}}},"10":{"name":"(anonymous_10)","decl":{"start":{"line":260,"column":31},"end":{"line":260,"column":32}},"loc":{"start":{"line":260,"column":38},"end":{"line":260,"column":42}}},"11":{"name":"(anonymous_11)","decl":{"start":{"line":315,"column":64},"end":{"line":315,"column":65}},"loc":{"start":{"line":315,"column":120},"end":{"line":342,"column":1}}},"12":{"name":"(anonymous_12)","decl":{"start":{"line":344,"column":32},"end":{"line":344,"column":33}},"loc":{"start":{"line":344,"column":76},"end":{"line":356,"column":1}}},"13":{"name":"(anonymous_13)","decl":{"start":{"line":358,"column":71},"end":{"line":358,"column":72}},"loc":{"start":{"line":358,"column":127},"end":{"line":403,"column":1}}},"14":{"name":"(anonymous_14)","decl":{"start":{"line":386,"column":14},"end":{"line":386,"column":15}},"loc":{"start":{"line":386,"column":23},"end":{"line":386,"column":62}}},"15":{"name":"(anonymous_15)","decl":{"start":{"line":406,"column":2},"end":{"line":406,"column":3}},"loc":{"start":{"line":406,"column":58},"end":{"line":473,"column":1}}},"16":{"name":"(anonymous_16)","decl":{"start":{"line":476,"column":2},"end":{"line":476,"column":3}},"loc":{"start":{"line":476,"column":58},"end":{"line":573,"column":1}}},"17":{"name":"(anonymous_17)","decl":{"start":{"line":575,"column":70},"end":{"line":575,"column":71}},"loc":{"start":{"line":575,"column":126},"end":{"line":606,"column":1}}},"18":{"name":"(anonymous_18)","decl":{"start":{"line":592,"column":30},"end":{"line":592,"column":31}},"loc":{"start":{"line":592,"column":37},"end":{"line":592,"column":41}}},"19":{"name":"(anonymous_19)","decl":{"start":{"line":609,"column":2},"end":{"line":609,"column":3}},"loc":{"start":{"line":609,"column":58},"end":{"line":657,"column":1}}},"20":{"name":"(anonymous_20)","decl":{"start":{"line":660,"column":2},"end":{"line":660,"column":3}},"loc":{"start":{"line":660,"column":58},"end":{"line":695,"column":1}}},"21":{"name":"(anonymous_21)","decl":{"start":{"line":706,"column":24},"end":{"line":706,"column":25}},"loc":{"start":{"line":706,"column":58},"end":{"line":718,"column":1}}},"22":{"name":"(anonymous_22)","decl":{"start":{"line":712,"column":22},"end":{"line":712,"column":23}},"loc":{"start":{"line":712,"column":42},"end":{"line":717,"column":4}}},"23":{"name":"(anonymous_23)","decl":{"start":{"line":720,"column":26},"end":{"line":720,"column":27}},"loc":{"start":{"line":720,"column":97},"end":{"line":737,"column":1}}},"24":{"name":"(anonymous_24)","decl":{"start":{"line":745,"column":2},"end":{"line":745,"column":3}},"loc":{"start":{"line":745,"column":60},"end":{"line":873,"column":1}}},"25":{"name":"(anonymous_25)","decl":{"start":{"line":778,"column":17},"end":{"line":778,"column":18}},"loc":{"start":{"line":778,"column":32},"end":{"line":785,"column":5}}},"26":{"name":"(anonymous_26)","decl":{"start":{"line":876,"column":2},"end":{"line":876,"column":3}},"loc":{"start":{"line":876,"column":58},"end":{"line":986,"column":1}}},"27":{"name":"(anonymous_27)","decl":{"start":{"line":891,"column":35},"end":{"line":891,"column":38}},"loc":{"start":{"line":891,"column":41},"end":{"line":891,"column":44}}},"28":{"name":"(anonymous_28)","decl":{"start":{"line":906,"column":46},"end":{"line":906,"column":47}},"loc":{"start":{"line":906,"column":51},"end":{"line":906,"column":85}}},"29":{"name":"(anonymous_29)","decl":{"start":{"line":908,"column":49},"end":{"line":908,"column":52}},"loc":{"start":{"line":908,"column":55},"end":{"line":908,"column":58}}},"30":{"name":"(anonymous_30)","decl":{"start":{"line":942,"column":33},"end":{"line":942,"column":34}},"loc":{"start":{"line":942,"column":44},"end":{"line":949,"column":6}}},"31":{"name":"(anonymous_31)","decl":{"start":{"line":989,"column":2},"end":{"line":989,"column":3}},"loc":{"start":{"line":989,"column":58},"end":{"line":1038,"column":1}}},"32":{"name":"(anonymous_32)","decl":{"start":{"line":1041,"column":2},"end":{"line":1041,"column":3}},"loc":{"start":{"line":1041,"column":58},"end":{"line":1061,"column":1}}},"33":{"name":"(anonymous_33)","decl":{"start":{"line":1069,"column":2},"end":{"line":1069,"column":3}},"loc":{"start":{"line":1069,"column":66},"end":{"line":1114,"column":1}}}},"branchMap":{"0":{"loc":{"start":{"line":51,"column":20},"end":{"line":51,"column":63}},"type":"binary-expr","locations":[{"start":{"line":51,"column":20},"end":{"line":51,"column":47}},{"start":{"line":51,"column":51},"end":{"line":51,"column":63}}]},"1":{"loc":{"start":{"line":52,"column":23},"end":{"line":52,"column":63}},"type":"binary-expr","locations":[{"start":{"line":52,"column":23},"end":{"line":52,"column":53}},{"start":{"line":52,"column":57},"end":{"line":52,"column":63}}]},"2":{"loc":{"start":{"line":54,"column":17},"end":{"line":54,"column":66}},"type":"cond-expr","locations":[{"start":{"line":54,"column":53},"end":{"line":54,"column":54}},{"start":{"line":54,"column":57},"end":{"line":54,"column":66}}]},"3":{"loc":{"start":{"line":54,"column":17},"end":{"line":54,"column":50}},"type":"binary-expr","locations":[{"start":{"line":54,"column":17},"end":{"line":54,"column":33}},{"start":{"line":54,"column":37},"end":{"line":54,"column":50}}]},"4":{"loc":{"start":{"line":55,"column":21},"end":{"line":55,"column":132}},"type":"cond-expr","locations":[{"start":{"line":55,"column":65},"end":{"line":55,"column":67}},{"start":{"line":55,"column":70},"end":{"line":55,"column":132}}]},"5":{"loc":{"start":{"line":55,"column":21},"end":{"line":55,"column":62}},"type":"binary-expr","locations":[{"start":{"line":55,"column":21},"end":{"line":55,"column":41}},{"start":{"line":55,"column":45},"end":{"line":55,"column":62}}]},"6":{"loc":{"start":{"line":55,"column":70},"end":{"line":55,"column":132}},"type":"cond-expr","locations":[{"start":{"line":55,"column":114},"end":{"line":55,"column":127}},{"start":{"line":55,"column":130},"end":{"line":55,"column":132}}]},"7":{"loc":{"start":{"line":56,"column":24},"end":{"line":56,"column":84}},"type":"cond-expr","locations":[{"start":{"line":56,"column":63},"end":{"line":56,"column":69}},{"start":{"line":56,"column":72},"end":{"line":56,"column":84}}]},"8":{"loc":{"start":{"line":57,"column":27},"end":{"line":57,"column":115}},"type":"cond-expr","locations":[{"start":{"line":57,"column":83},"end":{"line":57,"column":106}},{"start":{"line":57,"column":109},"end":{"line":57,"column":115}}]},"9":{"loc":{"start":{"line":67,"column":4},"end":{"line":71,"column":5}},"type":"if","locations":[{"start":{"line":67,"column":4},"end":{"line":71,"column":5}}]},"10":{"loc":{"start":{"line":67,"column":8},"end":{"line":67,"column":31}},"type":"binary-expr","locations":[{"start":{"line":67,"column":8},"end":{"line":67,"column":14}},{"start":{"line":67,"column":18},"end":{"line":67,"column":31}}]},"11":{"loc":{"start":{"line":73,"column":4},"end":{"line":80,"column":5}},"type":"if","locations":[{"start":{"line":73,"column":4},"end":{"line":80,"column":5}}]},"12":{"loc":{"start":{"line":73,"column":8},"end":{"line":73,"column":45}},"type":"binary-expr","locations":[{"start":{"line":73,"column":8},"end":{"line":73,"column":21}},{"start":{"line":73,"column":25},"end":{"line":73,"column":45}}]},"13":{"loc":{"start":{"line":75,"column":6},"end":{"line":79,"column":7}},"type":"if","locations":[{"start":{"line":75,"column":6},"end":{"line":79,"column":7}}]},"14":{"loc":{"start":{"line":82,"column":4},"end":{"line":85,"column":5}},"type":"if","locations":[{"start":{"line":82,"column":4},"end":{"line":85,"column":5}}]},"15":{"loc":{"start":{"line":82,"column":8},"end":{"line":82,"column":47}},"type":"binary-expr","locations":[{"start":{"line":82,"column":8},"end":{"line":82,"column":22}},{"start":{"line":82,"column":26},"end":{"line":82,"column":47}}]},"16":{"loc":{"start":{"line":87,"column":4},"end":{"line":90,"column":5}},"type":"if","locations":[{"start":{"line":87,"column":4},"end":{"line":90,"column":5}}]},"17":{"loc":{"start":{"line":87,"column":8},"end":{"line":87,"column":43}},"type":"binary-expr","locations":[{"start":{"line":87,"column":8},"end":{"line":87,"column":20}},{"start":{"line":87,"column":24},"end":{"line":87,"column":43}}]},"18":{"loc":{"start":{"line":92,"column":4},"end":{"line":95,"column":5}},"type":"if","locations":[{"start":{"line":92,"column":4},"end":{"line":95,"column":5}}]},"19":{"loc":{"start":{"line":92,"column":8},"end":{"line":92,"column":41}},"type":"binary-expr","locations":[{"start":{"line":92,"column":8},"end":{"line":92,"column":19}},{"start":{"line":92,"column":23},"end":{"line":92,"column":41}}]},"20":{"loc":{"start":{"line":97,"column":24},"end":{"line":97,"column":98}},"type":"cond-expr","locations":[{"start":{"line":97,"column":53},"end":{"line":97,"column":93}},{"start":{"line":97,"column":96},"end":{"line":97,"column":98}}]},"21":{"loc":{"start":{"line":102,"column":4},"end":{"line":115,"column":5}},"type":"if","locations":[{"start":{"line":102,"column":4},"end":{"line":115,"column":5}},{"start":{"line":111,"column":11},"end":{"line":115,"column":5}}]},"22":{"loc":{"start":{"line":142,"column":4},"end":{"line":144,"column":5}},"type":"if","locations":[{"start":{"line":142,"column":4},"end":{"line":144,"column":5}}]},"23":{"loc":{"start":{"line":142,"column":8},"end":{"line":142,"column":68}},"type":"binary-expr","locations":[{"start":{"line":142,"column":8},"end":{"line":142,"column":15}},{"start":{"line":142,"column":19},"end":{"line":142,"column":68}}]},"24":{"loc":{"start":{"line":146,"column":4},"end":{"line":148,"column":5}},"type":"if","locations":[{"start":{"line":146,"column":4},"end":{"line":148,"column":5}}]},"25":{"loc":{"start":{"line":146,"column":8},"end":{"line":146,"column":47}},"type":"binary-expr","locations":[{"start":{"line":146,"column":8},"end":{"line":146,"column":27}},{"start":{"line":146,"column":31},"end":{"line":146,"column":47}}]},"26":{"loc":{"start":{"line":150,"column":27},"end":{"line":150,"column":78}},"type":"cond-expr","locations":[{"start":{"line":150,"column":49},"end":{"line":150,"column":62}},{"start":{"line":150,"column":65},"end":{"line":150,"column":78}}]},"27":{"loc":{"start":{"line":152,"column":4},"end":{"line":154,"column":5}},"type":"if","locations":[{"start":{"line":152,"column":4},"end":{"line":154,"column":5}}]},"28":{"loc":{"start":{"line":160,"column":6},"end":{"line":163,"column":7}},"type":"if","locations":[{"start":{"line":160,"column":6},"end":{"line":163,"column":7}}]},"29":{"loc":{"start":{"line":165,"column":4},"end":{"line":167,"column":5}},"type":"if","locations":[{"start":{"line":165,"column":4},"end":{"line":167,"column":5}}]},"30":{"loc":{"start":{"line":177,"column":6},"end":{"line":179,"column":7}},"type":"if","locations":[{"start":{"line":177,"column":6},"end":{"line":179,"column":7}}]},"31":{"loc":{"start":{"line":184,"column":6},"end":{"line":244,"column":7}},"type":"if","locations":[{"start":{"line":184,"column":6},"end":{"line":244,"column":7}},{"start":{"line":213,"column":13},"end":{"line":244,"column":7}}]},"32":{"loc":{"start":{"line":194,"column":12},"end":{"line":197,"column":13}},"type":"if","locations":[{"start":{"line":194,"column":12},"end":{"line":197,"column":13}}]},"33":{"loc":{"start":{"line":201,"column":12},"end":{"line":205,"column":13}},"type":"if","locations":[{"start":{"line":201,"column":12},"end":{"line":205,"column":13}},{"start":{"line":203,"column":19},"end":{"line":205,"column":13}}]},"34":{"loc":{"start":{"line":209,"column":22},"end":{"line":209,"column":75}},"type":"cond-expr","locations":[{"start":{"line":209,"column":50},"end":{"line":209,"column":66}},{"start":{"line":209,"column":69},"end":{"line":209,"column":75}}]},"35":{"loc":{"start":{"line":214,"column":29},"end":{"line":214,"column":72}},"type":"cond-expr","locations":[{"start":{"line":214,"column":51},"end":{"line":214,"column":59}},{"start":{"line":214,"column":62},"end":{"line":214,"column":72}}]},"36":{"loc":{"start":{"line":215,"column":28},"end":{"line":215,"column":61}},"type":"cond-expr","locations":[{"start":{"line":215,"column":50},"end":{"line":215,"column":54}},{"start":{"line":215,"column":57},"end":{"line":215,"column":61}}]},"37":{"loc":{"start":{"line":226,"column":12},"end":{"line":229,"column":13}},"type":"if","locations":[{"start":{"line":226,"column":12},"end":{"line":229,"column":13}}]},"38":{"loc":{"start":{"line":232,"column":12},"end":{"line":236,"column":13}},"type":"if","locations":[{"start":{"line":232,"column":12},"end":{"line":236,"column":13}},{"start":{"line":234,"column":19},"end":{"line":236,"column":13}}]},"39":{"loc":{"start":{"line":240,"column":22},"end":{"line":240,"column":87}},"type":"cond-expr","locations":[{"start":{"line":240,"column":50},"end":{"line":240,"column":66}},{"start":{"line":240,"column":69},"end":{"line":240,"column":87}}]},"40":{"loc":{"start":{"line":246,"column":6},"end":{"line":250,"column":7}},"type":"if","locations":[{"start":{"line":246,"column":6},"end":{"line":250,"column":7}},{"start":{"line":248,"column":13},"end":{"line":250,"column":7}}]},"41":{"loc":{"start":{"line":265,"column":6},"end":{"line":297,"column":7}},"type":"if","locations":[{"start":{"line":265,"column":6},"end":{"line":297,"column":7}}]},"42":{"loc":{"start":{"line":302,"column":24},"end":{"line":302,"column":86}},"type":"cond-expr","locations":[{"start":{"line":302,"column":46},"end":{"line":302,"column":50}},{"start":{"line":302,"column":53},"end":{"line":302,"column":86}}]},"43":{"loc":{"start":{"line":302,"column":53},"end":{"line":302,"column":86}},"type":"cond-expr","locations":[{"start":{"line":302,"column":75},"end":{"line":302,"column":79}},{"start":{"line":302,"column":82},"end":{"line":302,"column":86}}]},"44":{"loc":{"start":{"line":306,"column":85},"end":{"line":306,"column":133}},"type":"cond-expr","locations":[{"start":{"line":306,"column":110},"end":{"line":306,"column":128}},{"start":{"line":306,"column":131},"end":{"line":306,"column":133}}]},"45":{"loc":{"start":{"line":319,"column":4},"end":{"line":321,"column":5}},"type":"if","locations":[{"start":{"line":319,"column":4},"end":{"line":321,"column":5}}]},"46":{"loc":{"start":{"line":327,"column":4},"end":{"line":329,"column":5}},"type":"if","locations":[{"start":{"line":327,"column":4},"end":{"line":329,"column":5}}]},"47":{"loc":{"start":{"line":350,"column":4},"end":{"line":350,"column":66}},"type":"if","locations":[{"start":{"line":350,"column":4},"end":{"line":350,"column":66}}]},"48":{"loc":{"start":{"line":350,"column":8},"end":{"line":350,"column":52}},"type":"binary-expr","locations":[{"start":{"line":350,"column":8},"end":{"line":350,"column":21}},{"start":{"line":350,"column":25},"end":{"line":350,"column":52}}]},"49":{"loc":{"start":{"line":351,"column":4},"end":{"line":351,"column":64}},"type":"if","locations":[{"start":{"line":351,"column":4},"end":{"line":351,"column":64}}]},"50":{"loc":{"start":{"line":351,"column":8},"end":{"line":351,"column":50}},"type":"binary-expr","locations":[{"start":{"line":351,"column":8},"end":{"line":351,"column":20}},{"start":{"line":351,"column":24},"end":{"line":351,"column":50}}]},"51":{"loc":{"start":{"line":362,"column":4},"end":{"line":364,"column":5}},"type":"if","locations":[{"start":{"line":362,"column":4},"end":{"line":364,"column":5}}]},"52":{"loc":{"start":{"line":370,"column":4},"end":{"line":372,"column":5}},"type":"if","locations":[{"start":{"line":370,"column":4},"end":{"line":372,"column":5}}]},"53":{"loc":{"start":{"line":411,"column":4},"end":{"line":413,"column":5}},"type":"if","locations":[{"start":{"line":411,"column":4},"end":{"line":413,"column":5}}]},"54":{"loc":{"start":{"line":411,"column":8},"end":{"line":411,"column":29}},"type":"binary-expr","locations":[{"start":{"line":411,"column":8},"end":{"line":411,"column":13}},{"start":{"line":411,"column":17},"end":{"line":411,"column":29}}]},"55":{"loc":{"start":{"line":414,"column":4},"end":{"line":416,"column":5}},"type":"if","locations":[{"start":{"line":414,"column":4},"end":{"line":416,"column":5}}]},"56":{"loc":{"start":{"line":414,"column":8},"end":{"line":414,"column":31}},"type":"binary-expr","locations":[{"start":{"line":414,"column":8},"end":{"line":414,"column":14}},{"start":{"line":414,"column":18},"end":{"line":414,"column":31}}]},"57":{"loc":{"start":{"line":417,"column":4},"end":{"line":419,"column":5}},"type":"if","locations":[{"start":{"line":417,"column":4},"end":{"line":419,"column":5}}]},"58":{"loc":{"start":{"line":420,"column":4},"end":{"line":422,"column":5}},"type":"if","locations":[{"start":{"line":420,"column":4},"end":{"line":422,"column":5}}]},"59":{"loc":{"start":{"line":420,"column":8},"end":{"line":420,"column":38}},"type":"binary-expr","locations":[{"start":{"line":420,"column":8},"end":{"line":420,"column":13}},{"start":{"line":420,"column":17},"end":{"line":420,"column":38}}]},"60":{"loc":{"start":{"line":423,"column":4},"end":{"line":425,"column":5}},"type":"if","locations":[{"start":{"line":423,"column":4},"end":{"line":425,"column":5}}]},"61":{"loc":{"start":{"line":423,"column":8},"end":{"line":423,"column":58}},"type":"binary-expr","locations":[{"start":{"line":423,"column":8},"end":{"line":423,"column":14}},{"start":{"line":423,"column":18},"end":{"line":423,"column":58}}]},"62":{"loc":{"start":{"line":436,"column":10},"end":{"line":436,"column":21}},"type":"binary-expr","locations":[{"start":{"line":436,"column":10},"end":{"line":436,"column":15}},{"start":{"line":436,"column":19},"end":{"line":436,"column":21}}]},"63":{"loc":{"start":{"line":437,"column":11},"end":{"line":437,"column":49}},"type":"binary-expr","locations":[{"start":{"line":437,"column":11},"end":{"line":437,"column":41}},{"start":{"line":437,"column":45},"end":{"line":437,"column":49}}]},"64":{"loc":{"start":{"line":438,"column":10},"end":{"line":438,"column":28}},"type":"binary-expr","locations":[{"start":{"line":438,"column":10},"end":{"line":438,"column":16}},{"start":{"line":438,"column":20},"end":{"line":438,"column":28}}]},"65":{"loc":{"start":{"line":443,"column":6},"end":{"line":450,"column":7}},"type":"if","locations":[{"start":{"line":443,"column":6},"end":{"line":450,"column":7}}]},"66":{"loc":{"start":{"line":443,"column":10},"end":{"line":443,"column":41}},"type":"binary-expr","locations":[{"start":{"line":443,"column":10},"end":{"line":443,"column":18}},{"start":{"line":443,"column":22},"end":{"line":443,"column":41}}]},"67":{"loc":{"start":{"line":480,"column":4},"end":{"line":482,"column":5}},"type":"if","locations":[{"start":{"line":480,"column":4},"end":{"line":482,"column":5}}]},"68":{"loc":{"start":{"line":488,"column":4},"end":{"line":490,"column":5}},"type":"if","locations":[{"start":{"line":488,"column":4},"end":{"line":490,"column":5}}]},"69":{"loc":{"start":{"line":494,"column":4},"end":{"line":496,"column":5}},"type":"if","locations":[{"start":{"line":494,"column":4},"end":{"line":496,"column":5}}]},"70":{"loc":{"start":{"line":494,"column":8},"end":{"line":494,"column":42}},"type":"binary-expr","locations":[{"start":{"line":494,"column":8},"end":{"line":494,"column":26}},{"start":{"line":494,"column":30},"end":{"line":494,"column":42}}]},"71":{"loc":{"start":{"line":497,"column":4},"end":{"line":499,"column":5}},"type":"if","locations":[{"start":{"line":497,"column":4},"end":{"line":499,"column":5}}]},"72":{"loc":{"start":{"line":497,"column":8},"end":{"line":497,"column":52}},"type":"binary-expr","locations":[{"start":{"line":497,"column":8},"end":{"line":497,"column":27}},{"start":{"line":497,"column":31},"end":{"line":497,"column":52}}]},"73":{"loc":{"start":{"line":500,"column":4},"end":{"line":502,"column":5}},"type":"if","locations":[{"start":{"line":500,"column":4},"end":{"line":502,"column":5}}]},"74":{"loc":{"start":{"line":500,"column":8},"end":{"line":500,"column":61}},"type":"binary-expr","locations":[{"start":{"line":500,"column":8},"end":{"line":500,"column":27}},{"start":{"line":500,"column":31},"end":{"line":500,"column":36}},{"start":{"line":500,"column":40},"end":{"line":500,"column":61}}]},"75":{"loc":{"start":{"line":503,"column":4},"end":{"line":505,"column":5}},"type":"if","locations":[{"start":{"line":503,"column":4},"end":{"line":505,"column":5}}]},"76":{"loc":{"start":{"line":503,"column":8},"end":{"line":503,"column":72}},"type":"binary-expr","locations":[{"start":{"line":503,"column":8},"end":{"line":503,"column":28}},{"start":{"line":503,"column":32},"end":{"line":503,"column":72}}]},"77":{"loc":{"start":{"line":512,"column":6},"end":{"line":515,"column":7}},"type":"if","locations":[{"start":{"line":512,"column":6},"end":{"line":515,"column":7}}]},"78":{"loc":{"start":{"line":516,"column":6},"end":{"line":519,"column":7}},"type":"if","locations":[{"start":{"line":516,"column":6},"end":{"line":519,"column":7}}]},"79":{"loc":{"start":{"line":520,"column":6},"end":{"line":523,"column":7}},"type":"if","locations":[{"start":{"line":520,"column":6},"end":{"line":523,"column":7}}]},"80":{"loc":{"start":{"line":522,"column":26},"end":{"line":522,"column":37}},"type":"binary-expr","locations":[{"start":{"line":522,"column":26},"end":{"line":522,"column":31}},{"start":{"line":522,"column":35},"end":{"line":522,"column":37}}]},"81":{"loc":{"start":{"line":524,"column":6},"end":{"line":527,"column":7}},"type":"if","locations":[{"start":{"line":524,"column":6},"end":{"line":527,"column":7}}]},"82":{"loc":{"start":{"line":526,"column":27},"end":{"line":526,"column":65}},"type":"binary-expr","locations":[{"start":{"line":526,"column":27},"end":{"line":526,"column":57}},{"start":{"line":526,"column":61},"end":{"line":526,"column":65}}]},"83":{"loc":{"start":{"line":528,"column":6},"end":{"line":531,"column":7}},"type":"if","locations":[{"start":{"line":528,"column":6},"end":{"line":531,"column":7}}]},"84":{"loc":{"start":{"line":533,"column":6},"end":{"line":538,"column":7}},"type":"if","locations":[{"start":{"line":533,"column":6},"end":{"line":538,"column":7}}]},"85":{"loc":{"start":{"line":540,"column":6},"end":{"line":550,"column":7}},"type":"if","locations":[{"start":{"line":540,"column":6},"end":{"line":550,"column":7}}]},"86":{"loc":{"start":{"line":542,"column":8},"end":{"line":549,"column":9}},"type":"if","locations":[{"start":{"line":542,"column":8},"end":{"line":549,"column":9}}]},"87":{"loc":{"start":{"line":579,"column":4},"end":{"line":581,"column":5}},"type":"if","locations":[{"start":{"line":579,"column":4},"end":{"line":581,"column":5}}]},"88":{"loc":{"start":{"line":587,"column":4},"end":{"line":589,"column":5}},"type":"if","locations":[{"start":{"line":587,"column":4},"end":{"line":589,"column":5}}]},"89":{"loc":{"start":{"line":613,"column":4},"end":{"line":615,"column":5}},"type":"if","locations":[{"start":{"line":613,"column":4},"end":{"line":615,"column":5}}]},"90":{"loc":{"start":{"line":621,"column":4},"end":{"line":623,"column":5}},"type":"if","locations":[{"start":{"line":621,"column":4},"end":{"line":623,"column":5}}]},"91":{"loc":{"start":{"line":627,"column":4},"end":{"line":629,"column":5}},"type":"if","locations":[{"start":{"line":627,"column":4},"end":{"line":629,"column":5}}]},"92":{"loc":{"start":{"line":634,"column":6},"end":{"line":641,"column":7}},"type":"if","locations":[{"start":{"line":634,"column":6},"end":{"line":641,"column":7}}]},"93":{"loc":{"start":{"line":664,"column":4},"end":{"line":666,"column":5}},"type":"if","locations":[{"start":{"line":664,"column":4},"end":{"line":666,"column":5}}]},"94":{"loc":{"start":{"line":672,"column":4},"end":{"line":674,"column":5}},"type":"if","locations":[{"start":{"line":672,"column":4},"end":{"line":674,"column":5}}]},"95":{"loc":{"start":{"line":713,"column":17},"end":{"line":713,"column":62}},"type":"binary-expr","locations":[{"start":{"line":713,"column":17},"end":{"line":713,"column":26}},{"start":{"line":713,"column":30},"end":{"line":713,"column":41}},{"start":{"line":713,"column":45},"end":{"line":713,"column":56}},{"start":{"line":713,"column":60},"end":{"line":713,"column":62}}]},"96":{"loc":{"start":{"line":714,"column":18},"
[...]
ns":[{"start":{"line":715,"column":18},"end":{"line":715,"column":28}},{"start":{"line":715,"column":32},"end":{"line":715,"column":44}},{"start":{"line":715,"column":48},"end":{"line":715,"column":60}},{"start":{"line":715,"column":64},"end":{"line":715,"column":66}}]},"98":{"loc":{"start":{"line":716,"column":19},"end":{"line":716,"column":74}},"type":"binary-expr","locations":[{"start":{"line":716,"column":19},"end":{"line":716,"column":28}},{"start":{"line":716,"column":32},"end":{"line":716,"column":45}},{"start":{"line":716,"column":49},"end":{"line":716,"column":62}},{"start":{"line":716,"column":66},"end":{"line":716,"column":74}}]},"99":{"loc":{"start":{"line":721,"column":2},"end":{"line":723,"column":3}},"type":"if","locations":[{"start":{"line":721,"column":2},"end":{"line":723,"column":3}}]},"100":{"loc":{"start":{"line":721,"column":6},"end":{"line":721,"column":49}},"type":"binary-expr","locations":[{"start":{"line":721,"column":6},"end":{"line":721,"column":15}},{"start":{"line":721,"column":19},"end":{"line":721,"column":49}}]},"101":{"loc":{"start":{"line":724,"column":2},"end":{"line":726,"column":3}},"type":"if","locations":[{"start":{"line":724,"column":2},"end":{"line":726,"column":3}}]},"102":{"loc":{"start":{"line":724,"column":6},"end":{"line":724,"column":51}},"type":"binary-expr","locations":[{"start":{"line":724,"column":6},"end":{"line":724,"column":16}},{"start":{"line":724,"column":20},"end":{"line":724,"column":51}}]},"103":{"loc":{"start":{"line":727,"column":2},"end":{"line":729,"column":3}},"type":"if","locations":[{"start":{"line":727,"column":2},"end":{"line":729,"column":3}}]},"104":{"loc":{"start":{"line":730,"column":2},"end":{"line":732,"column":3}},"type":"if","locations":[{"start":{"line":730,"column":2},"end":{"line":732,"column":3}}]},"105":{"loc":{"start":{"line":730,"column":6},"end":{"line":730,"column":87}},"type":"binary-expr","locations":[{"start":{"line":730,"column":6},"end":{"line":730,"column":15}},{"start":{"line":730,"column":19},"end":{"line":730,"column":50}},{"start":{"line":730,"column":54},"end":{"line":730,"column":87}}]},"106":{"loc":{"start":{"line":733,"column":2},"end":{"line":735,"column":3}},"type":"if","locations":[{"start":{"line":733,"column":2},"end":{"line":735,"column":3}}]},"107":{"loc":{"start":{"line":733,"column":6},"end":{"line":733,"column":72}},"type":"binary-expr","locations":[{"start":{"line":733,"column":6},"end":{"line":733,"column":16}},{"start":{"line":733,"column":20},"end":{"line":733,"column":72}}]},"108":{"loc":{"start":{"line":749,"column":4},"end":{"line":751,"column":5}},"type":"if","locations":[{"start":{"line":749,"column":4},"end":{"line":751,"column":5}}]},"109":{"loc":{"start":{"line":753,"column":4},"end":{"line":755,"column":5}},"type":"if","locations":[{"start":{"line":753,"column":4},"end":{"line":755,"column":5}}]},"110":{"loc":{"start":{"line":770,"column":4},"end":{"line":773,"column":5}},"type":"if","locations":[{"start":{"line":770,"column":4},"end":{"line":773,"column":5}}]},"111":{"loc":{"start":{"line":780,"column":6},"end":{"line":784,"column":7}},"type":"if","locations":[{"start":{"line":780,"column":6},"end":{"line":784,"column":7}},{"start":{"line":782,"column":13},"end":{"line":784,"column":7}}]},"112":{"loc":{"start":{"line":780,"column":10},"end":{"line":780,"column":48}},"type":"binary-expr","locations":[{"start":{"line":780,"column":10},"end":{"line":780,"column":27}},{"start":{"line":780,"column":31},"end":{"line":780,"column":48}}]},"113":{"loc":{"start":{"line":801,"column":12},"end":{"line":801,"column":53}},"type":"cond-expr","locations":[{"start":{"line":801,"column":24},"end":{"line":801,"column":48}},{"start":{"line":801,"column":51},"end":{"line":801,"column":53}}]},"114":{"loc":{"start":{"line":802,"column":12},"end":{"line":802,"column":34}},"type":"binary-expr","locations":[{"start":{"line":802,"column":12},"end":{"line":802,"column":22}},{"start":{"line":802,"column":26},"end":{"line":802,"column":34}}]},"115":{"loc":{"start":{"line":804,"column":10},"end":{"line":811,"column":11}},"type":"if","locations":[{"start":{"line":804,"column":10},"end":{"line":811,"column":11}},{"start":{"line":806,"column":17},"end":{"line":811,"column":11}}]},"116":{"loc":{"start":{"line":815,"column":46},"end":{"line":815,"column":99}},"type":"cond-expr","locations":[{"start":{"line":815,"column":74},"end":{"line":815,"column":90}},{"start":{"line":815,"column":93},"end":{"line":815,"column":99}}]},"117":{"loc":{"start":{"line":848,"column":10},"end":{"line":848,"column":34}},"type":"binary-expr","locations":[{"start":{"line":848,"column":10},"end":{"line":848,"column":24}},{"start":{"line":848,"column":28},"end":{"line":848,"column":34}}]},"118":{"loc":{"start":{"line":857,"column":10},"end":{"line":857,"column":22}},"type":"binary-expr","locations":[{"start":{"line":857,"column":10},"end":{"line":857,"column":16}},{"start":{"line":857,"column":20},"end":{"line":857,"column":22}}]},"119":{"loc":{"start":{"line":890,"column":4},"end":{"line":940,"column":5}},"type":"if","locations":[{"start":{"line":890,"column":4},"end":{"line":940,"column":5}},{"start":{"line":895,"column":11},"end":{"line":940,"column":5}}]},"120":{"loc":{"start":{"line":890,"column":8},"end":{"line":890,"column":51}},"type":"binary-expr","locations":[{"start":{"line":890,"column":8},"end":{"line":890,"column":11}},{"start":{"line":890,"column":15},"end":{"line":890,"column":33}},{"start":{"line":890,"column":37},"end":{"line":890,"column":51}}]},"121":{"loc":{"start":{"line":899,"column":6},"end":{"line":903,"column":7}},"type":"if","locations":[{"start":{"line":899,"column":6},"end":{"line":903,"column":7}}]},"122":{"loc":{"start":{"line":899,"column":10},"end":{"line":899,"column":33}},"type":"binary-expr","locations":[{"start":{"line":899,"column":10},"end":{"line":899,"column":16}},{"start":{"line":899,"column":20},"end":{"line":899,"column":33}}]},"123":{"loc":{"start":{"line":905,"column":6},"end":{"line":912,"column":7}},"type":"if","locations":[{"start":{"line":905,"column":6},"end":{"line":912,"column":7}}]},"124":{"loc":{"start":{"line":905,"column":10},"end":{"line":905,"column":68}},"type":"binary-expr","locations":[{"start":{"line":905,"column":10},"end":{"line":905,"column":18}},{"start":{"line":905,"column":22},"end":{"line":905,"column":45}},{"start":{"line":905,"column":49},"end":{"line":905,"column":68}}]},"125":{"loc":{"start":{"line":907,"column":8},"end":{"line":911,"column":9}},"type":"if","locations":[{"start":{"line":907,"column":8},"end":{"line":911,"column":9}}]},"126":{"loc":{"start":{"line":914,"column":6},"end":{"line":917,"column":7}},"type":"if","locations":[{"start":{"line":914,"column":6},"end":{"line":917,"column":7}}]},"127":{"loc":{"start":{"line":914,"column":10},"end":{"line":914,"column":53}},"type":"binary-expr","locations":[{"start":{"line":914,"column":10},"end":{"line":914,"column":26}},{"start":{"line":914,"column":30},"end":{"line":914,"column":53}}]},"128":{"loc":{"start":{"line":919,"column":6},"end":{"line":922,"column":7}},"type":"if","locations":[{"start":{"line":919,"column":6},"end":{"line":922,"column":7}}]},"129":{"loc":{"start":{"line":919,"column":10},"end":{"line":919,"column":49}},"type":"binary-expr","locations":[{"start":{"line":919,"column":10},"end":{"line":919,"column":24}},{"start":{"line":919,"column":28},"end":{"line":919,"column":49}}]},"130":{"loc":{"start":{"line":924,"column":6},"end":{"line":927,"column":7}},"type":"if","locations":[{"start":{"line":924,"column":6},"end":{"line":927,"column":7}}]},"131":{"loc":{"start":{"line":924,"column":10},"end":{"line":924,"column":45}},"type":"binary-expr","locations":[{"start":{"line":924,"column":10},"end":{"line":924,"column":22}},{"start":{"line":924,"column":26},"end":{"line":924,"column":45}}]},"132":{"loc":{"start":{"line":929,"column":26},"end":{"line":929,"column":100}},"type":"cond-expr","locations":[{"start":{"line":929,"column":55},"end":{"line":929,"column":95}},{"start":{"line":929,"column":98},"end":{"line":929,"column":100}}]},"133":{"loc":{"start":{"line":931,"column":6},"end":{"line":939,"column":7}},"type":"if","locations":[{"start":{"line":931,"column":6},"end":{"line":939,"column":7}},{"start":{"line":935,"column":13},"end":{"line":939,"column":7}}]},"134":{"loc":{"start":{"line":946,"column":11},"end":{"line":946,"column":27}},"type":"binary-expr","locations":[{"start":{"line":946,"column":11},"end":{"line":946,"column":21}},{"start":{"line":946,"column":25},"end":{"line":946,"column":27}}]},"135":{"loc":{"start":{"line":947,"column":10},"end":{"line":947,"column":48}},"type":"cond-expr","locations":[{"start":{"line":947,"column":37},"end":{"line":947,"column":41}},{"start":{"line":947,"column":44},"end":{"line":947,"column":48}}]},"136":{"loc":{"start":{"line":1073,"column":4},"end":{"line":1075,"column":5}},"type":"if","locations":[{"start":{"line":1073,"column":4},"end":{"line":1075,"column":5}}]},"137":{"loc":{"start":{"line":1081,"column":4},"end":{"line":1083,"column":5}},"type":"if","locations":[{"start":{"line":1081,"column":4},"end":{"line":1083,"column":5}}]},"138":{"loc":{"start":{"line":1086,"column":4},"end":{"line":1088,"column":5}},"type":"if","locations":[{"start":{"line":1086,"column":4},"end":{"line":1088,"column":5}}]}},"s":{"0":1,"1":1,"2":15,"3":15,"4":1,"5":8,"6":8,"7":1,"8":165,"9":1,"10":1,"11":1,"12":18,"13":18,"14":18,"15":18,"16":18,"17":18,"18":18,"19":18,"20":18,"21":18,"22":18,"23":18,"24":18,"25":18,"26":18,"27":18,"28":18,"29":18,"30":18,"31":18,"32":2,"33":2,"34":2,"35":18,"36":5,"37":8,"38":5,"39":4,"40":5,"41":4,"42":4,"43":18,"44":1,"45":1,"46":18,"47":1,"48":1,"49":18,"50":1,"51":1,"52":18,"53":18,"54":18,"55":8,"56":8,"57":8,"58":8,"59":8,"60":10,"61":10,"62":10,"63":18,"64":144,"65":18,"66":18,"67":0,"68":1,"69":11,"70":11,"71":11,"72":11,"73":1,"74":10,"75":2,"76":8,"77":8,"78":8,"79":2,"80":6,"81":15,"82":15,"83":6,"84":6,"85":6,"86":13,"87":11,"88":11,"89":6,"90":1,"91":5,"92":5,"93":5,"94":5,"95":11,"96":11,"97":10,"98":5,"99":5,"100":5,"101":2,"102":2,"103":2,"104":5,"105":5,"106":5,"107":1,"108":1,"109":4,"110":4,"111":4,"112":4,"113":0,"114":0,"115":3,"116":3,"117":3,"118":3,"119":6,"120":6,"121":6,"122":0,"123":0,"124":6,"125":6,"126":6,"127":0,"128":0,"129":5,"130":1,"131":4,"132":0,"133":0,"134":5,"135":1,"136":5,"137":5,"138":5,"139":5,"140":5,"141":5,"142":0,"143":5,"144":5,"145":5,"146":6,"147":1,"148":6,"149":6,"150":6,"151":6,"152":1,"153":5,"154":5,"155":2,"156":3,"157":3,"158":3,"159":3,"160":1,"161":0,"162":0,"163":0,"164":0,"165":0,"166":0,"167":0,"168":0,"169":1,"170":3,"171":3,"172":3,"173":3,"174":1,"175":2,"176":2,"177":1,"178":1,"179":1,"180":1,"181":0,"182":1,"183":1,"184":1,"185":2,"186":1,"187":16,"188":16,"189":16,"190":16,"191":2,"192":14,"193":1,"194":13,"195":1,"196":12,"197":5,"198":7,"199":1,"200":6,"201":6,"202":6,"203":5,"204":5,"205":1,"206":1,"207":2,"208":5,"209":5,"210":5,"211":5,"212":5,"213":1,"214":1,"215":11,"216":1,"217":15,"218":15,"219":15,"220":15,"221":1,"222":14,"223":14,"224":1,"225":13,"226":13,"227":1,"228":12,"229":1,"230":11,"231":1,"232":10,"233":1,"234":9,"235":9,"236":9,"237":9,"238":9,"239":2,"240":2,"241":9,"242":1,"243":1,"244":9,"245":1,"246":1,"247":9,"248":2,"249":2,"250":9,"251":1,"252":1,"253":9,"254":7,"255":7,"256":7,"257":7,"258":9,"259":2,"260":2,"261":1,"262":1,"263":2,"264":9,"265":0,"266":0,"267":9,"268":9,"269":9,"270":9,"271":6,"272":1,"273":6,"274":6,"275":6,"276":6,"277":1,"278":5,"279":5,"280":2,"281":3,"282":3,"283":3,"284":3,"285":3,"286":3,"287":1,"288":5,"289":5,"290":5,"291":5,"292":1,"293":4,"294":4,"295":1,"296":3,"297":3,"298":1,"299":2,"300":2,"301":2,"302":2,"303":1,"304":1,"305":2,"306":2,"307":0,"308":0,"309":2,"310":2,"311":3,"312":1,"313":4,"314":4,"315":4,"316":4,"317":1,"318":3,"319":3,"320":1,"321":2,"322":2,"323":2,"324":2,"325":2,"326":0,"327":0,"328":2,"329":2,"330":2,"331":1,"332":0,"333":0,"334":0,"335":0,"336":0,"337":0,"338":1,"339":0,"340":0,"341":0,"342":0,"343":0,"344":0,"345":0,"346":0,"347":0,"348":0,"349":0,"350":1,"351":1,"352":1,"353":1,"354":1,"355":1,"356":0,"357":0,"358":0,"359":0,"360":0,"361":0,"362":0,"363":0,"364":0,"365":0,"366":0,"367":0,"368":0,"369":0,"370":0,"371":0,"372":0,"373":0,"374":0,"375":0,"376":0,"377":0,"378":0,"379":0,"380":0,"381":0,"382":0,"383":0,"384":0,"385":0,"386":0,"387":0,"388":0,"389":0,"390":0,"391":0,"392":0,"393":0,"394":0,"395":0,"396":0,"397":0,"398":0,"399":1,"400":1,"401":6,"402":6,"403":6,"404":6,"405":6,"406":1,"407":3,"408":1,"409":5,"410":5,"411":5,"412":1,"413":1,"414":1,"415":5,"416":1,"417":1,"418":1,"419":1,"420":1,"421":1,"422":1,"423":5,"424":1,"425":1,"426":5,"427":1,"428":1,"429":5,"430":1,"431":1,"432":5,"433":5,"434":4,"435":1,"436":6,"437":30,"438":6,"439":6,"440":6,"441":6,"442":6,"443":6,"444":6,"445":6,"446":6,"447":6,"448":6,"449":0,"450":1,"451":1,"452":1,"453":1,"454":1,"455":1,"456":1,"457":1,"458":1,"459":1,"460":1,"461":1,"462":1,"463":1,"464":0,"465":1,"466":1,"467":1,"468":1,"469":1,"470":1,"471":0,"472":1,"473":3,"474":3,"475":3,"476":3,"477":1,"478":2,"479":2,"480":1,"481":1,"482":1,"483":1,"484":0,"485":0,"486":0,"487":0,"488":0,"489":0,"490":3},"f":{"0":15,"1":8,"2":165,"3":18,"4":8,"5":5,"6":144,"7":11,"8":15,"9":15,"10":1,"11":6,"12":0,"13":3,"14":0,"15":16,"16":15,"17":6,"18":3,"19":5,"20":4,"21":0,"22":0,"23":0,"24":1,"25":0,"26":6,"27":3,"28":1,"29":1,"30":30,"31":1,"32":1,"33":3},"b":{"0":[18,14],"1":[18,14],"2":[16,2],"3":[18,3],"4":[16,2],"5":[18,3],"6":[1,1],"7":[17,1],"8":[17,1],"9":[2],"10":[18,2],"11":[5],"12":[18,5],"13":[4],"14":[1],"15":[18,1],"16":[1],"17":[18,1],"18":[1],"19":[18,1],"20":[8,10],"21":[8,10],"22":[1],"23":[11,11],"24":[2],"25":[10,9],"26":[4,4],"27":[2],"28":[11],"29":[1],"30":[10],"31":[2,3],"32":[1],"33":[4,0],"34":[0,0],"35":[1,2],"36":[1,2],"37":[0],"38":[6,0],"39":[0,0],"40":[1,4],"41":[5],"42":[2,3],"43":[1,2],"44":[1,4],"45":[1],"46":[2],"47":[0],"48":[0,0],"49":[0],"50":[0,0],"51":[1],"52":[1],"53":[2],"54":[16,15],"55":[1],"56":[14,13],"57":[1],"58":[5],"59":[12,7],"60":[1],"61":[7,6],"62":[6,4],"63":[6,6],"64":[6,1],"65":[1],"66":[5,1],"67":[1],"68":[1],"69":[1],"70":[13,3],"71":[1],"72":[12,2],"73":[1],"74":[11,2,1],"75":[1],"76":[10,2],"77":[2],"78":[1],"79":[1],"80":[1,1],"81":[2],"82":[2,1],"83":[1],"84":[7],"85":[2],"86":[1],"87":[1],"88":[2],"89":[1],"90":[1],"91":[1],"92":[1],"93":[1],"94":[1],"95":[0,0,0,0],"96":[0,0,0,0],"97":[0,0,0,0],"98":[0,0,0,0],"99":[0],"100":[0,0],"101":[0],"102":[0,0],"103":[0],"104":[0],"105":[0,0,0],"106":[0],"107":[0,0],"108":[1],"109":[0],"110":[0],"111":[0,0],"112":[0,0],"113":[0,0],"114":[0,0],"115":[0,0],"116":[0,0],"117":[0,0],"118":[0,0],"119":[1,5],"120":[6,1,1],"121":[1],"122":[5,1],"123":[1],"124":[5,1,1],"125":[1],"126":[1],"127":[5,1],"128":[1],"129":[5,1],"130":[1],"131":[5,1],"132":[4,1],"133":[4,1],"134":[30,0],"135":[22,8],"136":[1],"137":[1],"138":[1]}}
,"F:\\Lcj\\0602\\label-651\\backend\\src\\services\\logService.ts": {"path":"F:\\Lcj\\0602\\label-651\\backend\\src\\services\\logService.ts","statementMap":{"0":{"start":{"line":4,"column":27},"end":{"line":14,"column":1}},"1":{"start":{"line":5,"column":20},"end":{"line":5,"column":60}},"2":{"start":{"line":6,"column":2},"end":{"line":8,"column":3}},"3":{"start":{"line":7,"column":4},"end":{"line":7,"column":42}},"4":{"start":{"line":9,"column":17},"end":{"line":9,"column":51}},"5":{"start":{"line":10,"column":2},"end":{"line":12,"column":3}},"6":{"start":{"line":11,"column":4},"end":{"line":11,"column":18}},"7":{"start":{"line":13,"column":2},"end":{"line":13,"column":58}},"8":{"start":{"line":16,"column":31},"end":{"line":20,"column":1}},"9":{"start":{"line":17,"column":13},"end":{"line":17,"column":20}},"10":{"start":{"line":18,"column":15},"end":{"line":18,"column":108}},"11":{"start":{"line":19,"column":2},"end":{"line":19,"column":30}},"12":{"start":{"line":22,"column":34},"end":{"line":42,"column":1}},"13":{"start":{"line":30,"column":13},"end":{"line":30,"column":20}},"14":{"start":{"line":31,"column":21},"end":{"line":31,"column":43}},"15":{"start":{"line":33,"column":17},"end":{"line":39,"column":80}},"16":{"start":{"line":41,"column":2},"end":{"line":41,"column":42}},"17":{"start":{"line":44,"column":30},"end":{"line":69,"column":1}},"18":{"start":{"line":48,"column":66},"end":{"line":48,"column":68}},"19":{"start":{"line":50,"column":2},"end":{"line":50,"column":40}},"20":{"start":{"line":50,"column":25},"end":{"line":50,"column":40}},"21":{"start":{"line":52,"column":18},"end":{"line":52,"column":74}},"22":{"start":{"line":54,"column":2},"end":{"line":66,"column":3}},"23":{"start":{"line":55,"column":4},"end":{"line":55,"column":63}},"24":{"start":{"line":55,"column":54},"end":{"line":55,"column":63}},"25":{"start":{"line":57,"column":19},"end":{"line":57,"column":30}},"26":{"start":{"line":58,"column":19},"end":{"line":58,"column":29}},"27":{"start":{"line":60,"column":4},"end":{"line":65,"column":5}},"28":{"start":{"line":61,"column":6},"end":{"line":64,"column":8}},"29":{"start":{"line":68,"column":2},"end":{"line":68,"column":17}}},"fnMap":{"0":{"name":"(anonymous_0)","decl":{"start":{"line":4,"column":27},"end":{"line":4,"column":28}},"loc":{"start":{"line":4,"column":48},"end":{"line":14,"column":1}}},"1":{"name":"(anonymous_1)","decl":{"start":{"line":16,"column":31},"end":{"line":16,"column":32}},"loc":{"start":{"line":16,"column":58},"end":{"line":20,"column":1}}},"2":{"name":"(anonymous_2)","decl":{"start":{"line":22,"column":34},"end":{"line":22,"column":null}},"loc":{"start":{"line":29,"column":12},"end":{"line":42,"column":1}}},"3":{"name":"(anonymous_3)","decl":{"start":{"line":44,"column":30},"end":{"line":44,"column":null}},"loc":{"start":{"line":47,"column":52},"end":{"line":69,"column":1}}}},"branchMap":{"0":{"loc":{"start":{"line":6,"column":2},"end":{"line":8,"column":3}},"type":"if","locations":[{"start":{"line":6,"column":2},"end":{"line":8,"column":3}}]},"1":{"loc":{"start":{"line":10,"column":2},"end":{"line":12,"column":3}},"type":"if","locations":[{"start":{"line":10,"column":2},"end":{"line":12,"column":3}}]},"2":{"loc":{"start":{"line":13,"column":9},"end":{"line":13,"column":57}},"type":"binary-expr","locations":[{"start":{"line":13,"column":9},"end":{"line":13,"column":15}},{"start":{"line":13,"column":19},"end":{"line":13,"column":44}},{"start":{"line":13,"column":48},"end":{"line":13,"column":57}}]},"3":{"loc":{"start":{"line":19,"column":9},"end":{"line":19,"column":29}},"type":"binary-expr","locations":[{"start":{"line":19,"column":9},"end":{"line":19,"column":19}},{"start":{"line":19,"column":23},"end":{"line":19,"column":29}}]},"4":{"loc":{"start":{"line":50,"column":2},"end":{"line":50,"column":40}},"type":"if","locations":[{"start":{"line":50,"column":2},"end":{"line":50,"column":40}}]},"5":{"loc":{"start":{"line":50,"column":6},"end":{"line":50,"column":23}},"type":"binary-expr","locations":[{"start":{"line":50,"column":6},"end":{"line":50,"column":13}},{"start":{"line":50,"column":17},"end":{"line":50,"column":23}}]},"6":{"loc":{"start":{"line":55,"column":4},"end":{"line":55,"column":63}},"type":"if","locations":[{"start":{"line":55,"column":4},"end":{"line":55,"column":63}}]},"7":{"loc":{"start":{"line":55,"column":8},"end":{"line":55,"column":52}},"type":"binary-expr","locations":[{"start":{"line":55,"column":8},"end":{"line":55,"column":28}},{"start":{"line":55,"column":32},"end":{"line":55,"column":52}}]},"8":{"loc":{"start":{"line":60,"column":4},"end":{"line":65,"column":5}},"type":"if","locations":[{"start":{"line":60,"column":4},"end":{"line":65,"column":5}}]}},"s":{"0":1,"1":5,"2":5,"3":0,"4":5,"5":5,"6":0,"7":5,"8":1,"9":5,"10":5,"11":5,"12":1,"13":5,"14":5,"15":5,"16":5,"17":1,"18":0,"19":0,"20":0,"21":0,"22":0,"23":0,"24":0,"25":0,"26":0,"27":0,"28":0,"29":0},"f":{"0":5,"1":5,"2":5,"3":0},"b":{"0":[0],"1":[0],"2":[5,0,0],"3":[5,0],"4":[0],"5":[0,0],"6":[0],"7":[0,0],"8":[0]}}
}
