TN:
SF:src\middleware\auth.ts
FN:12,(anonymous_0)
FN:20,(anonymous_1)
FN:23,(anonymous_2)
FN:33,(anonymous_3)
FN:36,(anonymous_4)
FN:48,(anonymous_5)
FN:62,(anonymous_6)
FN:87,(anonymous_7)
FN:88,(anonymous_8)
FN:101,(anonymous_9)
FN:102,(anonymous_10)
FN:115,(anonymous_11)
FN:116,(anonymous_12)
FN:121,(anonymous_13)
FN:130,(anonymous_14)
FN:131,(anonymous_15)
FN:136,(anonymous_16)
FN:145,(anonymous_17)
FN:146,(anonymous_18)
FN:151,(anonymous_19)
FN:160,(anonymous_20)
FN:161,(anonymous_21)
FN:166,(anonymous_22)
FNF:23
FNH:7
FNDA:105,(anonymous_0)
FNDA:105,(anonymous_1)
FNDA:105,(anonymous_2)
FNDA:658,(anonymous_3)
FNDA:0,(anonymous_4)
FNDA:0,(anonymous_5)
FNDA:118,(anonymous_6)
FNDA:0,(anonymous_7)
FNDA:0,(anonymous_8)
FNDA:13,(anonymous_9)
FNDA:94,(anonymous_10)
FNDA:0,(anonymous_11)
FNDA:0,(anonymous_12)
FNDA:0,(anonymous_13)
FNDA:0,(anonymous_14)
FNDA:0,(anonymous_15)
FNDA:0,(anonymous_16)
FNDA:0,(anonymous_17)
FNDA:0,(anonymous_18)
FNDA:0,(anonymous_19)
FNDA:0,(anonymous_20)
FNDA:0,(anonymous_21)
FNDA:0,(anonymous_22)
DA:12,1
DA:13,105
DA:20,105
DA:23,1
DA:24,105
DA:33,658
DA:36,1
DA:37,0
DA:38,0
DA:45,0
DA:48,1
DA:49,0
DA:50,0
DA:59,0
DA:62,1
DA:63,118
DA:65,118
DA:66,12
DA:69,106
DA:70,106
DA:71,1
DA:74,105
DA:75,105
DA:76,105
DA:77,0
DA:80,105
DA:81,105
DA:82,105
DA:84,105
DA:87,1
DA:88,0
DA:89,0
DA:90,0
DA:93,0
DA:94,0
DA:97,0
DA:101,1
DA:102,13
DA:103,94
DA:104,0
DA:107,94
DA:108,9
DA:111,85
DA:115,1
DA:116,0
DA:117,0
DA:118,0
DA:121,0
DA:122,0
DA:123,0
DA:126,0
DA:130,1
DA:131,0
DA:132,0
DA:133,0
DA:136,0
DA:137,0
DA:138,0
DA:141,0
DA:145,1
DA:146,0
DA:147,0
DA:148,0
DA:151,0
DA:152,0
DA:153,0
DA:156,0
DA:160,1
DA:161,0
DA:162,0
DA:163,0
DA:166,0
DA:167,0
DA:168,0
DA:171,0
LF:75
LH:33
BRDA:65,0,0,12
BRDA:70,1,0,1
BRDA:76,2,0,0
BRDA:89,3,0,0
BRDA:93,4,0,0
BRDA:103,5,0,0
BRDA:107,6,0,9
BRDA:117,7,0,0
BRDA:122,8,0,0
BRDA:132,9,0,0
BRDA:137,10,0,0
BRDA:147,11,0,0
BRDA:152,12,0,0
BRDA:162,13,0,0
BRDA:167,14,0,0
BRF:15
BRH:3
end_of_record
TN:
SF:src\middleware\errorHandler.ts
FN:9,(anonymous_0)
FN:17,(anonymous_1)
FN:83,(anonymous_2)
FNF:3
FNH:2
FNDA:61,(anonymous_0)
FNDA:62,(anonymous_1)
FNDA:0,(anonymous_2)
DA:10,61
DA:11,61
DA:12,61
DA:13,61
DA:17,1
DA:23,62
DA:25,62
DA:26,61
DA:30,61
DA:33,1
DA:34,0
DA:35,0
DA:36,0
DA:37,0
DA:38,0
DA:39,0
DA:40,0
DA:41,0
DA:42,0
DA:43,0
DA:44,0
DA:45,0
DA:46,0
DA:47,0
DA:48,0
DA:49,0
DA:50,0
DA:51,0
DA:53,0
DA:57,0
DA:60,1
DA:61,0
DA:65,0
DA:68,1
DA:69,1
DA:73,1
DA:76,0
DA:80,0
DA:83,1
DA:84,0
LF:40
LH:15
BRDA:25,0,0,61
BRDA:33,1,0,0
BRDA:36,2,0,0
BRDA:36,2,1,0
BRDA:38,3,0,0
BRDA:38,3,1,0
BRDA:40,4,0,0
BRDA:40,4,1,0
BRDA:42,5,0,0
BRDA:42,5,1,0
BRDA:44,6,0,0
BRDA:44,6,1,0
BRDA:46,7,0,0
BRDA:46,7,1,0
BRDA:48,8,0,0
BRDA:48,8,1,0
BRDA:50,9,0,0
BRDA:60,10,0,0
BRDA:68,11,0,1
BRF:19
BRH:2
end_of_record
TN:
SF:src\routes\users.ts
FN:15,(anonymous_0)
FN:20,(anonymous_1)
FN:25,(anonymous_2)
FN:39,(anonymous_3)
FN:74,(anonymous_4)
FN:76,(anonymous_5)
FN:117,(anonymous_6)
FN:137,(anonymous_7)
FN:156,(anonymous_8)
FN:156,(anonymous_9)
FN:260,(anonymous_10)
FN:315,(anonymous_11)
FN:344,(anonymous_12)
FN:358,(anonymous_13)
FN:386,(anonymous_14)
FN:406,(anonymous_15)
FN:476,(anonymous_16)
FN:575,(anonymous_17)
FN:592,(anonymous_18)
FN:609,(anonymous_19)
FN:660,(anonymous_20)
FN:706,(anonymous_21)
FN:712,(anonymous_22)
FN:720,(anonymous_23)
FN:745,(anonymous_24)
FN:778,(anonymous_25)
FN:876,(anonymous_26)
FN:891,(anonymous_27)
FN:906,(anonymous_28)
FN:908,(anonymous_29)
FN:942,(anonymous_30)
FN:989,(anonymous_31)
FN:1041,(anonymous_32)
FN:1069,(anonymous_33)
FNF:34
FNH:28
FNDA:15,(anonymous_0)
FNDA:8,(anonymous_1)
FNDA:165,(anonymous_2)
FNDA:18,(anonymous_3)
FNDA:8,(anonymous_4)
FNDA:5,(anonymous_5)
FNDA:144,(anonymous_6)
FNDA:11,(anonymous_7)
FNDA:15,(anonymous_8)
FNDA:15,(anonymous_9)
FNDA:1,(anonymous_10)
FNDA:6,(anonymous_11)
FNDA:0,(anonymous_12)
FNDA:3,(anonymous_13)
FNDA:0,(anonymous_14)
FNDA:16,(anonymous_15)
FNDA:15,(anonymous_16)
FNDA:6,(anonymous_17)
FNDA:3,(anonymous_18)
FNDA:5,(anonymous_19)
FNDA:4,(anonymous_20)
FNDA:0,(anonymous_21)
FNDA:0,(anonymous_22)
FNDA:0,(anonymous_23)
FNDA:1,(anonymous_24)
FNDA:0,(anonymous_25)
FNDA:6,(anonymous_26)
FNDA:3,(anonymous_27)
FNDA:1,(anonymous_28)
FNDA:1,(anonymous_29)
FNDA:30,(anonymous_30)
FNDA:1,(anonymous_31)
FNDA:1,(anonymous_32)
FNDA:3,(anonymous_33)
DA:13,1
DA:15,1
DA:16,15
DA:17,15
DA:20,1
DA:21,8
DA:22,8
DA:25,1
DA:26,165
DA:36,1
DA:37,1
DA:39,1
DA:40,18
DA:41,18
DA:42,18
DA:44,18
DA:45,18
DA:46,18
DA:47,18
DA:49,18
DA:50,18
DA:51,18
DA:52,18
DA:54,18
DA:55,18
DA:56,18
DA:57,18
DA:59,18
DA:62,18
DA:64,18
DA:65,18
DA:67,18
DA:68,2
DA:69,2
DA:70,2
DA:73,18
DA:74,8
DA:75,5
DA:76,5
DA:77,4
DA:78,4
DA:82,18
DA:83,1
DA:84,1
DA:87,18
DA:88,1
DA:89,1
DA:92,18
DA:93,1
DA:94,1
DA:97,18
DA:100,18
DA:102,18
DA:103,8
DA:106,8
DA:108,8
DA:109,8
DA:110,8
DA:112,10
DA:113,10
DA:114,10
DA:117,144
DA:122,18
DA:129,18
DA:131,0
DA:137,1
DA:138,11
DA:139,11
DA:140,11
DA:142,11
DA:143,1
DA:146,10
DA:147,2
DA:150,8
DA:151,8
DA:152,8
DA:153,2
DA:156,15
DA:157,6
DA:158,6
DA:159,6
DA:160,13
DA:161,11
DA:162,11
DA:165,6
DA:166,1
DA:169,5
DA:170,5
DA:171,5
DA:173,5
DA:174,11
DA:177,11
DA:178,10
DA:182,5
DA:183,5
DA:184,5
DA:185,2
DA:186,2
DA:188,2
DA:189,5
DA:190,5
DA:194,5
DA:195,1
DA:196,1
DA:199,4
DA:200,4
DA:201,4
DA:202,4
DA:204,0
DA:207,0
DA:214,3
DA:215,3
DA:216,3
DA:220,3
DA:221,6
DA:222,6
DA:226,6
DA:227,0
DA:228,0
DA:231,6
DA:232,6
DA:233,6
DA:235,0
DA:238,0
DA:246,5
DA:247,1
DA:249,4
DA:252,0
DA:253,0
DA:256,5
DA:260,1
DA:264,5
DA:265,5
DA:266,5
DA:271,5
DA:273,5
DA:289,5
DA:299,0
DA:302,5
DA:303,5
DA:309,5
DA:311,6
DA:315,1
DA:316,6
DA:317,6
DA:318,6
DA:319,6
DA:320,1
DA:323,5
DA:327,5
DA:328,2
DA:331,3
DA:333,3
DA:338,3
DA:340,3
DA:344,1
DA:345,0
DA:346,0
DA:350,0
DA:351,0
DA:352,0
DA:354,0
DA:358,1
DA:359,3
DA:360,3
DA:361,3
DA:362,3
DA:363,1
DA:366,2
DA:370,2
DA:371,1
DA:374,1
DA:376,1
DA:385,1
DA:386,0
DA:389,1
DA:394,1
DA:399,1
DA:401,2
DA:405,1
DA:407,16
DA:408,16
DA:409,16
DA:411,16
DA:412,2
DA:414,14
DA:415,1
DA:417,13
DA:418,1
DA:420,12
DA:421,5
DA:423,7
DA:424,1
DA:427,6
DA:428,6
DA:429,6
DA:441,5
DA:443,5
DA:444,1
DA:447,1
DA:448,2
DA:452,5
DA:454,5
DA:457,5
DA:459,5
DA:465,5
DA:467,1
DA:468,1
DA:471,11
DA:475,1
DA:477,15
DA:478,15
DA:479,15
DA:480,15
DA:481,1
DA:484,14
DA:488,14
DA:489,1
DA:492,13
DA:494,13
DA:495,1
DA:497,12
DA:498,1
DA:500,11
DA:501,1
DA:503,10
DA:504,1
DA:507,9
DA:508,9
DA:509,9
DA:510,9
DA:512,9
DA:513,2
DA:514,2
DA:516,9
DA:517,1
DA:518,1
DA:520,9
DA:521,1
DA:522,1
DA:524,9
DA:525,2
DA:526,2
DA:528,9
DA:529,1
DA:530,1
DA:533,9
DA:534,7
DA:535,7
DA:536,7
DA:537,7
DA:540,9
DA:541,2
DA:542,2
DA:543,1
DA:546,1
DA:547,2
DA:552,9
DA:554,0
DA:555,0
DA:558,9
DA:561,9
DA:563,9
DA:569,9
DA:571,6
DA:575,1
DA:576,6
DA:577,6
DA:578,6
DA:579,6
DA:580,1
DA:583,5
DA:587,5
DA:588,2
DA:591,3
DA:592,3
DA:594,3
DA:602,3
DA:604,3
DA:608,1
DA:610,5
DA:611,5
DA:612,5
DA:613,5
DA:614,1
DA:617,4
DA:621,4
DA:622,1
DA:625,3
DA:627,3
DA:628,1
DA:631,2
DA:632,2
DA:633,2
DA:634,2
DA:635,1
DA:638,1
DA:639,2
DA:642,2
DA:644,0
DA:645,0
DA:648,2
DA:653,2
DA:655,3
DA:659,1
DA:661,4
DA:662,4
DA:663,4
DA:664,4
DA:665,1
DA:668,3
DA:672,3
DA:673,1
DA:676,2
DA:677,2
DA:678,2
DA:679,2
DA:680,2
DA:682,0
DA:683,0
DA:686,2
DA:691,2
DA:693,2
DA:706,1
DA:707,0
DA:708,0
DA:709,0
DA:710,0
DA:712,0
DA:720,1
DA:721,0
DA:722,0
DA:724,0
DA:725,0
DA:727,0
DA:728,0
DA:730,0
DA:731,0
DA:733,0
DA:734,0
DA:736,0
DA:743,1
DA:746,1
DA:747,1
DA:748,1
DA:749,1
DA:750,1
DA:753,0
DA:754,0
DA:757,0
DA:761,0
DA:762,0
DA:763,0
DA:764,0
DA:766,0
DA:767,0
DA:770,0
DA:771,0
DA:772,0
DA:775,0
DA:776,0
DA:778,0
DA:779,0
DA:780,0
DA:781,0
DA:783,0
DA:787,0
DA:791,0
DA:792,0
DA:794,0
DA:795,0
DA:796,0
DA:797,0
DA:798,0
DA:804,0
DA:805,0
DA:807,0
DA:813,0
DA:819,0
DA:821,0
DA:822,0
DA:823,0
DA:826,0
DA:827,0
DA:832,0
DA:839,0
DA:840,0
DA:860,0
DA:863,0
DA:869,0
DA:871,1
DA:875,1
DA:877,6
DA:878,6
DA:879,6
DA:888,6
DA:890,6
DA:891,3
DA:892,1
DA:896,5
DA:897,5
DA:899,5
DA:900,1
DA:901,1
DA:902,1
DA:905,5
DA:906,1
DA:907,1
DA:908,1
DA:909,1
DA:910,1
DA:914,5
DA:915,1
DA:916,1
DA:919,5
DA:920,1
DA:921,1
DA:924,5
DA:925,1
DA:926,1
DA:929,5
DA:931,5
DA:932,4
DA:936,1
DA:942,30
DA:951,6
DA:952,6
DA:961,6
DA:962,6
DA:964,6
DA:965,6
DA:966,6
DA:968,6
DA:970,6
DA:972,6
DA:982,6
DA:984,0
DA:988,1
DA:990,1
DA:991,1
DA:1006,1
DA:1007,1
DA:1014,1
DA:1015,1
DA:1017,1
DA:1018,1
DA:1019,1
DA:1021,1
DA:1023,1
DA:1025,1
DA:1034,1
DA:1036,0
DA:1040,1
DA:1042,1
DA:1043,1
DA:1045,1
DA:1051,1
DA:1057,1
DA:1059,0
DA:1067,1
DA:1070,3
DA:1071,3
DA:1072,3
DA:1073,3
DA:1074,1
DA:1077,2
DA:1081,2
DA:1082,1
DA:1085,1
DA:1086,1
DA:1087,1
DA:1090,0
DA:1092,0
DA:1096,0
DA:1099,0
DA:1101,0
DA:1110,0
DA:1112,3
LF:478
LH:387
BRDA:51,0,0,18
BRDA:51,0,1,14
BRDA:52,1,0,18
BRDA:52,1,1,14
BRDA:54,2,0,16
BRDA:54,2,1,2
BRDA:54,3,0,18
BRDA:54,3,1,3
BRDA:55,4,0,16
BRDA:55,4,1,2
BRDA:55,5,0,18
BRDA:55,5,1,3
BRDA:55,6,0,1
BRDA:55,6,1,1
BRDA:56,7,0,17
BRDA:56,7,1,1
BRDA:57,8,0,17
BRDA:57,8,1,1
BRDA:67,9,0,2
BRDA:67,10,0,18
BRDA:67,10,1,2
BRDA:73,11,0,5
BRDA:73,12,0,18
BRDA:73,12,1,5
BRDA:75,13,0,4
BRDA:82,14,0,1
BRDA:82,15,0,18
BRDA:82,15,1,1
BRDA:87,16,0,1
BRDA:87,17,0,18
BRDA:87,17,1,1
BRDA:92,18,0,1
BRDA:92,19,0,18
BRDA:92,19,1,1
BRDA:97,20,0,8
BRDA:97,20,1,10
BRDA:102,21,0,8
BRDA:102,21,1,10
BRDA:142,22,0,1
BRDA:142,23,0,11
BRDA:142,23,1,11
BRDA:146,24,0,2
BRDA:146,25,0,10
BRDA:146,25,1,9
BRDA:150,26,0,4
BRDA:150,26,1,4
BRDA:152,27,0,2
BRDA:160,28,0,11
BRDA:165,29,0,1
BRDA:177,30,0,10
BRDA:184,31,0,2
BRDA:184,31,1,3
BRDA:194,32,0,1
BRDA:201,33,0,4
BRDA:201,33,1,0
BRDA:209,34,0,0
BRDA:209,34,1,0
BRDA:214,35,0,1
BRDA:214,35,1,2
BRDA:215,36,0,1
BRDA:215,36,1,2
BRDA:226,37,0,0
BRDA:232,38,0,6
BRDA:232,38,1,0
BRDA:240,39,0,0
BRDA:240,39,1,0
BRDA:246,40,0,1
BRDA:246,40,1,4
BRDA:265,41,0,5
BRDA:302,42,0,2
BRDA:302,42,1,3
BRDA:302,43,0,1
BRDA:302,43,1,2
BRDA:306,44,0,1
BRDA:306,44,1,4
BRDA:319,45,0,1
BRDA:327,46,0,2
BRDA:350,47,0,0
BRDA:350,48,0,0
BRDA:350,48,1,0
BRDA:351,49,0,0
BRDA:351,50,0,0
BRDA:351,50,1,0
BRDA:362,51,0,1
BRDA:370,52,0,1
BRDA:411,53,0,2
BRDA:411,54,0,16
BRDA:411,54,1,15
BRDA:414,55,0,1
BRDA:414,56,0,14
BRDA:414,56,1,13
BRDA:417,57,0,1
BRDA:420,58,0,5
BRDA:420,59,0,12
BRDA:420,59,1,7
BRDA:423,60,0,1
BRDA:423,61,0,7
BRDA:423,61,1,6
BRDA:436,62,0,6
BRDA:436,62,1,4
BRDA:437,63,0,6
BRDA:437,63,1,6
BRDA:438,64,0,6
BRDA:438,64,1,1
BRDA:443,65,0,1
BRDA:443,66,0,5
BRDA:443,66,1,1
BRDA:480,67,0,1
BRDA:488,68,0,1
BRDA:494,69,0,1
BRDA:494,70,0,13
BRDA:494,70,1,3
BRDA:497,71,0,1
BRDA:497,72,0,12
BRDA:497,72,1,2
BRDA:500,73,0,1
BRDA:500,74,0,11
BRDA:500,74,1,2
BRDA:500,74,2,1
BRDA:503,75,0,1
BRDA:503,76,0,10
BRDA:503,76,1,2
BRDA:512,77,0,2
BRDA:516,78,0,1
BRDA:520,79,0,1
BRDA:522,80,0,1
BRDA:522,80,1,1
BRDA:524,81,0,2
BRDA:526,82,0,2
BRDA:526,82,1,1
BRDA:528,83,0,1
BRDA:533,84,0,7
BRDA:540,85,0,2
BRDA:542,86,0,1
BRDA:579,87,0,1
BRDA:587,88,0,2
BRDA:613,89,0,1
BRDA:621,90,0,1
BRDA:627,91,0,1
BRDA:634,92,0,1
BRDA:664,93,0,1
BRDA:672,94,0,1
BRDA:713,95,0,0
BRDA:713,95,1,0
BRDA:713,95,2,0
BRDA:713,95,3,0
BRDA:714,96,0,0
BRDA:714,96,1,0
BRDA:714,96,2,0
BRDA:714,96,3,0
BRDA:715,97,0,0
BRDA:715,97,1,0
BRDA:715,97,2,0
BRDA:715,97,3,0
BRDA:716,98,0,0
BRDA:716,98,1,0
BRDA:716,98,2,0
BRDA:716,98,3,0
BRDA:721,99,0,0
BRDA:721,100,0,0
BRDA:721,100,1,0
BRDA:724,101,0,0
BRDA:724,102,0,0
BRDA:724,102,1,0
BRDA:727,103,0,0
BRDA:730,104,0,0
BRDA:730,105,0,0
BRDA:730,105,1,0
BRDA:730,105,2,0
BRDA:733,106,0,0
BRDA:733,107,0,0
BRDA:733,107,1,0
BRDA:749,108,0,1
BRDA:753,109,0,0
BRDA:770,110,0,0
BRDA:780,111,0,0
BRDA:780,111,1,0
BRDA:780,112,0,0
BRDA:780,112,1,0
BRDA:801,113,0,0
BRDA:801,113,1,0
BRDA:802,114,0,0
BRDA:802,114,1,0
BRDA:804,115,0,0
BRDA:804,115,1,0
BRDA:815,116,0,0
BRDA:815,116,1,0
BRDA:848,117,0,0
BRDA:848,117,1,0
BRDA:857,118,0,0
BRDA:857,118,1,0
BRDA:890,119,0,1
BRDA:890,119,1,5
BRDA:890,120,0,6
BRDA:890,120,1,1
BRDA:890,120,2,1
BRDA:899,121,0,1
BRDA:899,122,0,5
BRDA:899,122,1,1
BRDA:905,123,0,1
BRDA:905,124,0,5
BRDA:905,124,1,1
BRDA:905,124,2,1
BRDA:907,125,0,1
BRDA:914,126,0,1
BRDA:914,127,0,5
BRDA:914,127,1,1
BRDA:919,128,0,1
BRDA:919,129,0,5
BRDA:919,129,1,1
BRDA:924,130,0,1
BRDA:924,131,0,5
BRDA:924,131,1,1
BRDA:929,132,0,4
BRDA:929,132,1,1
BRDA:931,133,0,4
BRDA:931,133,1,1
BRDA:946,134,0,30
BRDA:946,134,1,0
BRDA:947,135,0,22
BRDA:947,135,1,8
BRDA:1073,136,0,1
BRDA:1081,137,0,1
BRDA:1086,138,0,1
BRF:224
BRH:162
end_of_record
TN:
SF:src\services\logService.ts
FN:4,(anonymous_0)
FN:16,(anonymous_1)
FN:22,(anonymous_2)
FN:44,(anonymous_3)
FNF:4
FNH:3
FNDA:5,(anonymous_0)
FNDA:5,(anonymous_1)
FNDA:5,(anonymous_2)
FNDA:0,(anonymous_3)
DA:4,1
DA:5,5
DA:6,5
DA:7,0
DA:9,5
DA:10,5
DA:11,0
DA:13,5
DA:16,1
DA:17,5
DA:18,5
DA:19,5
DA:22,1
DA:30,5
DA:31,5
DA:33,5
DA:41,5
DA:44,1
DA:48,0
DA:50,0
DA:52,0
DA:54,0
DA:55,0
DA:57,0
DA:58,0
DA:60,0
DA:61,0
DA:68,0
LF:28
LH:16
BRDA:6,0,0,0
BRDA:10,1,0,0
BRDA:13,2,0,5
BRDA:13,2,1,0
BRDA:13,2,2,0
BRDA:19,3,0,5
BRDA:19,3,1,0
BRDA:50,4,0,0
BRDA:50,5,0,0
BRDA:50,5,1,0
BRDA:55,6,0,0
BRDA:55,7,0,0
BRDA:55,7,1,0
BRDA:60,8,0,0
BRF:14
BRH:2
end_of_record
